#
# A fatal error has been detected by the Java Runtime Environment:
#
#  EXCEPTION_ACCESS_VIOLATION (0xc0000005) at pc=0x00007ffb8229e938, pid=3280, tid=7304
#
# JRE version: OpenJDK Runtime Environment (15.0.2+7) (build 15.0.2+7-27)
# Java VM: OpenJDK 64-Bit Server VM (15.0.2+7-27, mixed mode, tiered, compressed oops, g1 gc, windows-amd64)
# Problematic frame:
# V  [jvm.dll+0x20e938]
#
# No core dump will be written. Minidumps are not enabled by default on client versions of Windows
#
# If you would like to submit a bug report, please visit:
#   https://bugreport.java.com/bugreport/crash.jsp
#

---------------  S U M M A R Y ------------

Command Line: -XX:+ShowCodeDetailsInExceptionMessages -agentlib:jdwp=transport=dt_socket,suspend=y,address=localhost:59558 -javaagent:E:\Program Files (x86)\Eclipse\java-2020-12\eclipse\configuration\org.eclipse.osgi\220\0\.cp\lib\javaagent-shaded.jar -Dfile.encoding=Cp1252 Main

Host: Intel(R) Core(TM) i7-7700K CPU @ 4.20GHz, 8 cores, 15G,  Windows 10 , 64 bit Build 19041 (10.0.19041.928)
Time: Sat Apr 24 17:25:30 2021 Paris, Madrid (heure d’été) elapsed time: 339.118561 seconds (0d 0h 5m 39s)

---------------  T H R E A D  ---------------

Current thread (0x000001e8cc4a7a30):  JavaThread "JDWP Transport Listener: dt_socket" daemon [_thread_in_vm, id=7304, stack(0x000000e050f00000,0x000000e051000000)] _threads_hazard_ptr=0x000001e8cc879320

Stack: [0x000000e050f00000,0x000000e051000000],  sp=0x000000e050ffe6f8,  free space=1017k
Native frames: (J=compiled Java code, j=interpreted, Vv=VM code, C=native code)
V  [jvm.dll+0x20e938]


siginfo: EXCEPTION_ACCESS_VIOLATION (0xc0000005), reading address 0x000001e8cd421178


Register to memory mapping:

RIP=0x00007ffb8229e938 jvm.dll
RAX=0x0000000000196560 is an unknown value
RBX=0x000000e050ffe9a0 is pointing into the stack for thread: 0x000001e8cc4a7a30
RCX=0x000001e8cd28ac18 is pointing into metadata
RDX=0x000000000000cb2a is an unknown value
RSP=0x000000e050ffe6f8 is pointing into the stack for thread: 0x000001e8cc4a7a30
RBP=0x0000000000000001 is an unknown value
RSI=0x0000000000000001 is an unknown value
RDI=0x000001e8cd289b38 is pointing into metadata
R8 =0x0 is NULL
R9 =0x000001e8cd289b38 is pointing into metadata
R10=0x000001e8cc4d3b74 points into unknown readable memory: 00 00 00 47
R11=0x000001e8cc4d3af0 points into unknown readable memory: 0x2fffffff47000000 | 00 00 00 47 ff ff ff 2f
R12=0x00007ffb82090000 jvm.dll
R13=0x000001e8cc4d3ac8 points into unknown readable memory: 0x000000310e526200 | 00 62 52 0e 31 00 00 00
R14=0x0 is NULL
R15=0x0000000000000046 is an unknown value


Registers:
RAX=0x0000000000196560, RBX=0x000000e050ffe9a0, RCX=0x000001e8cd28ac18, RDX=0x000000000000cb2a
RSP=0x000000e050ffe6f8, RBP=0x0000000000000001, RSI=0x0000000000000001, RDI=0x000001e8cd289b38
R8 =0x0000000000000000, R9 =0x000001e8cd289b38, R10=0x000001e8cc4d3b74, R11=0x000001e8cc4d3af0
R12=0x00007ffb82090000, R13=0x000001e8cc4d3ac8, R14=0x0000000000000000, R15=0x0000000000000046
RIP=0x00007ffb8229e938, EFLAGS=0x0000000000010206

Top of Stack: (sp=0x000000e050ffe6f8)
0x000000e050ffe6f8:   00007ffb8238fa93 000000e050ffe770
0x000000e050ffe708:   00007ffb82199d9e 000000e050ffe770
0x000000e050ffe718:   00007ffb821920be 000001e800000000
0x000000e050ffe728:   0000000000000078 000000e050ffe9a0
0x000000e050ffe738:   00007ffb82390793 0000d988b38b6517
0x000000e050ffe748:   00007ffb8239321c 0000000000000000
0x000000e050ffe758:   0000000000000078 000000e050ffe9a0
0x000000e050ffe768:   00007ffb82391fc2 000000e050ffe9a0
0x000000e050ffe778:   000000e050ffe810 0000000000000001
0x000000e050ffe788:   00007ffb82199d9e 000000e000000031
0x000000e050ffe798:   0000000000000003 0000000000000000
0x000000e050ffe7a8:   000000e050ffe810 0000000000000003
0x000000e050ffe7b8:   00007ffb8209c1a6 000001e8cd28a8d0
0x000000e050ffe7c8:   000000e050ffe9a0 0000000000000046
0x000000e050ffe7d8:   0000000000000003 000000e050ffe9a0
0x000000e050ffe7e8:   00007ffb823926ce 000000e050ffe840 

Instructions: (pc=0x00007ffb8229e938)
0x00007ffb8229e838:   03 03 03 03 03 03 03 03 03 03 03 03 03 03 03 03
0x00007ffb8229e848:   03 03 03 03 03 03 03 03 03 03 03 03 03 03 03 03
0x00007ffb8229e858:   03 03 03 03 03 03 03 03 03 03 03 03 03 03 03 03
0x00007ffb8229e868:   03 03 03 03 03 03 03 03 03 03 03 03 03 03 03 03
0x00007ffb8229e878:   03 03 03 02 03 03 02 cc 48 89 5c 24 08 48 89 74
0x00007ffb8229e888:   24 10 57 48 83 ec 20 48 63 da 41 0f b6 f0 48 8b
0x00007ffb8229e898:   f9 85 d2 79 24 4c 8d 0d bc 97 66 00 ba af 02 00
0x00007ffb8229e8a8:   00 4c 8d 05 e8 97 66 00 48 8d 0d 61 97 66 00 e8
0x00007ffb8229e8b8:   54 79 00 00 e8 7f c0 41 00 40 84 f6 75 18 48 8b
0x00007ffb8229e8c8:   4f 10 48 85 c9 74 0f 48 8d 43 01 48 c1 e0 05 48
0x00007ffb8229e8d8:   8b 04 08 0f b7 d8 48 8b 74 24 38 48 63 c3 48 8b
0x00007ffb8229e8e8:   5c 24 30 0f b7 44 c7 48 48 83 c4 20 5f c3 cc cc
0x00007ffb8229e8f8:   cc cc cc cc cc cc cc cc 4c 8b c9 45 84 c0 75 41
0x00007ffb8229e908:   48 8b 49 10 48 85 c9 74 38 85 d2 79 19 f7 d2 8b
0x00007ffb8229e918:   c2 48 ff c0 48 c1 e0 05 48 8b 04 08 0f b7 c8 41
0x00007ffb8229e928:   0f b7 44 c9 4a c3 48 63 c2 48 ff c0 48 c1 e0 05
0x00007ffb8229e938:   48 8b 04 08 0f b7 d0 48 63 c2 41 0f b7 44 c1 4a
0x00007ffb8229e948:   c3 49 8b 41 08 4c 63 c2 42 0f b6 44 00 04 8d 48
0x00007ffb8229e958:   ef 80 f9 01 76 0e 3c 6a 74 0a 48 63 c2 41 0f b7
0x00007ffb8229e968:   44 c1 4a c3 43 0f b7 44 c1 4a c3 cc cc cc cc cc
0x00007ffb8229e978:   cc cc cc cc cc cc cc cc 40 53 48 83 ec 20 48 8b
0x00007ffb8229e988:   d9 e8 72 ff ff ff 48 63 d0 0f b7 44 d3 48 48 8b
0x00007ffb8229e998:   44 c3 48 48 83 c4 20 5b c3 cc cc cc cc cc cc cc
0x00007ffb8229e9a8:   cc cc cc cc cc cc cc cc 40 53 48 83 ec 20 48 8b
0x00007ffb8229e9b8:   d9 e8 42 ff ff ff 48 63 d0 0f b7 44 d3 4a 48 8b
0x00007ffb8229e9c8:   44 c3 48 48 83 c4 20 5b c3 cc cc cc cc cc cc cc
0x00007ffb8229e9d8:   cc cc cc cc cc cc cc cc 4c 8b d1 45 84 c9 75 28
0x00007ffb8229e9e8:   4c 8b 49 10 4d 85 c9 74 1f 45 85 c0 79 08 41 f7
0x00007ffb8229e9f8:   d0 41 8b c0 eb 03 49 63 c0 48 ff c0 48 c1 e0 05
0x00007ffb8229ea08:   4a 8b 04 08 44 0f b7 c0 49 8b 42 08 49 63 c8 0f
0x00007ffb8229ea18:   b6 4c 08 04 48 8b c2 88 0a c3 cc cc cc cc cc cc
0x00007ffb8229ea28:   cc cc cc cc cc cc cc cc 40 56 57 41 54 41 56 41 


Stack slot to memory mapping:
stack at sp + 0 slots: 0x00007ffb8238fa93 jvm.dll
stack at sp + 1 slots: 0x000000e050ffe770 is pointing into the stack for thread: 0x000001e8cc4a7a30
stack at sp + 2 slots: 0x00007ffb82199d9e jvm.dll
stack at sp + 3 slots: 0x000000e050ffe770 is pointing into the stack for thread: 0x000001e8cc4a7a30
stack at sp + 4 slots: 0x00007ffb821920be jvm.dll
stack at sp + 5 slots: 0x000001e800000000 is an unknown value
stack at sp + 6 slots: 0x0000000000000078 is an unknown value
stack at sp + 7 slots: 0x000000e050ffe9a0 is pointing into the stack for thread: 0x000001e8cc4a7a30


---------------  P R O C E S S  ---------------

Threads class SMR info:
_java_thread_list=0x000001e8cc879320, length=14, elements={
0x000001e8aaa890f0, 0x000001e8cc22a030, 0x000001e8cc22a9e0, 0x000001e8cc24b320,
0x000001e8cc24dce0, 0x000001e8cc24e690, 0x000001e8cc260180, 0x000001e8cc260c20,
0x000001e8cc26be20, 0x000001e8cc3a1150, 0x000001e8cc4a7a30, 0x000001e8cc4a86e0,
0x000001e8cc4a8bd0, 0x000001e8cc856c20
}

Java Threads: ( => current thread )
  0x000001e8aaa890f0 JavaThread "main" [_thread_blocked, id=16972, stack(0x000000e04ff00000,0x000000e050000000)]
  0x000001e8cc22a030 JavaThread "Reference Handler" daemon [_thread_blocked, id=16680, stack(0x000000e050600000,0x000000e050700000)]
  0x000001e8cc22a9e0 JavaThread "Finalizer" daemon [_thread_blocked, id=6492, stack(0x000000e050700000,0x000000e050800000)]
  0x000001e8cc24b320 JavaThread "Signal Dispatcher" daemon [_thread_blocked, id=17020, stack(0x000000e050800000,0x000000e050900000)]
  0x000001e8cc24dce0 JavaThread "Attach Listener" daemon [_thread_blocked, id=15636, stack(0x000000e050900000,0x000000e050a00000)]
  0x000001e8cc24e690 JavaThread "Service Thread" daemon [_thread_blocked, id=5392, stack(0x000000e050a00000,0x000000e050b00000)]
  0x000001e8cc260180 JavaThread "C2 CompilerThread0" daemon [_thread_blocked, id=5012, stack(0x000000e050b00000,0x000000e050c00000)]
  0x000001e8cc260c20 JavaThread "C1 CompilerThread0" daemon [_thread_blocked, id=5108, stack(0x000000e050c00000,0x000000e050d00000)]
  0x000001e8cc26be20 JavaThread "Sweeper thread" daemon [_thread_blocked, id=6004, stack(0x000000e050d00000,0x000000e050e00000)]
  0x000001e8cc3a1150 JavaThread "Common-Cleaner" daemon [_thread_blocked, id=9032, stack(0x000000e050e00000,0x000000e050f00000)]
=>0x000001e8cc4a7a30 JavaThread "JDWP Transport Listener: dt_socket" daemon [_thread_in_vm, id=7304, stack(0x000000e050f00000,0x000000e051000000)]
  0x000001e8cc4a86e0 JavaThread "JDWP Event Helper Thread" daemon [_thread_blocked, id=15660, stack(0x000000e051000000,0x000000e051100000)]
  0x000001e8cc4a8bd0 JavaThread "JDWP Command Reader" daemon [_thread_in_native, id=14940, stack(0x000000e051100000,0x000000e051200000)]
  0x000001e8cc856c20 JavaThread "Notification Thread" daemon [_thread_blocked, id=13584, stack(0x000000e051300000,0x000000e051400000)]

Other Threads:
  0x000001e8cc1f3720 VMThread "VM Thread" [stack: 0x000000e050500000,0x000000e050600000] [id=11828]
  0x000001e8aaa89db0 WatcherThread [stack: 0x000000e051400000,0x000000e051500000] [id=16892]
  0x000001e8aaada3c0 GCTaskThread "GC Thread#0" [stack: 0x000000e050000000,0x000000e050100000] [id=5224]
  0x000001e8cc8e9600 GCTaskThread "GC Thread#1" [stack: 0x000000e051200000,0x000000e051300000] [id=14892]
  0x000001e8cc8ebf70 GCTaskThread "GC Thread#2" [stack: 0x000000e051500000,0x000000e051600000] [id=4148]
  0x000001e8cc8e92d0 GCTaskThread "GC Thread#3" [stack: 0x000000e051600000,0x000000e051700000] [id=16656]
  0x000001e8cc8ebc40 GCTaskThread "GC Thread#4" [stack: 0x000000e051700000,0x000000e051800000] [id=15940]
  0x000001e8cc8eb5e0 GCTaskThread "GC Thread#5" [stack: 0x000000e051800000,0x000000e051900000] [id=6964]
  0x000001e8aaaebb00 ConcurrentGCThread "G1 Main Marker" [stack: 0x000000e050100000,0x000000e050200000] [id=10076]
  0x000001e8aaaec5f0 ConcurrentGCThread "G1 Conc#0" [stack: 0x000000e050200000,0x000000e050300000] [id=7692]
  0x000001e8cb81c110 ConcurrentGCThread "G1 Refine#0" [stack: 0x000000e050300000,0x000000e050400000] [id=16224]
  0x000001e8cb81cc10 ConcurrentGCThread "G1 Young RemSet Sampling" [stack: 0x000000e050400000,0x000000e050500000] [id=10412]

Threads with active compile tasks:

VM state: not at safepoint (normal execution)

VM Mutex/Monitor currently owned by a thread: None

Heap address: 0x0000000700a00000, size: 4086 MB, Compressed Oops mode: Zero based, Oop shift amount: 3
CDS disabled.
Compressed class space mapped at: 0x0000000800000000-0x0000000840000000, size: 1073741824
Narrow klass base: 0x0000000800000000, Narrow klass shift: 0, Narrow klass range: 0x40000000

GC Precious Log:
 CPUs: 8 total, 8 available
 Memory: 16341M
 Large Page Support: Disabled
 NUMA Support: Disabled
 Compressed Oops: Enabled (Zero based)
 Heap Region Size: 2M
 Heap Min Capacity: 8M
 Heap Initial Capacity: 256M
 Heap Max Capacity: 4086M
 Pre-touch: Disabled
 Parallel Workers: 8
 Concurrent Workers: 2
 Concurrent Refinement Workers: 8
 Periodic GC: Disabled

Heap:
 garbage-first heap   total 262144K, used 122337K [0x0000000700a00000, 0x0000000800000000)
  region size 2048K, 61 young (124928K), 1 survivors (2048K)
 Metaspace       used 9514K, capacity 9662K, committed 9856K, reserved 1058816K
  class space    used 800K, capacity 853K, committed 896K, reserved 1048576K

Heap Regions: E=young(eden), S=young(survivor), O=old, HS=humongous(starts), HC=humongous(continues), CS=collection set, F=free, OA=open archive, CA=closed archive, TAMS=top-at-mark-start (previous, next)
|   0|0x0000000700a00000, 0x0000000700a00000, 0x0000000700c00000|  0%| F|  |TAMS 0x0000000700a00000, 0x0000000700a00000| Untracked 
|   1|0x0000000700c00000, 0x0000000700c00000, 0x0000000700e00000|  0%| F|  |TAMS 0x0000000700c00000, 0x0000000700c00000| Untracked 
|   2|0x0000000700e00000, 0x0000000700e00000, 0x0000000701000000|  0%| F|  |TAMS 0x0000000700e00000, 0x0000000700e00000| Untracked 
|   3|0x0000000701000000, 0x0000000701000000, 0x0000000701200000|  0%| F|  |TAMS 0x0000000701000000, 0x0000000701000000| Untracked 
|   4|0x0000000701200000, 0x0000000701200000, 0x0000000701400000|  0%| F|  |TAMS 0x0000000701200000, 0x0000000701200000| Untracked 
|   5|0x0000000701400000, 0x0000000701400000, 0x0000000701600000|  0%| F|  |TAMS 0x0000000701400000, 0x0000000701400000| Untracked 
|   6|0x0000000701600000, 0x0000000701600000, 0x0000000701800000|  0%| F|  |TAMS 0x0000000701600000, 0x0000000701600000| Untracked 
|   7|0x0000000701800000, 0x0000000701800000, 0x0000000701a00000|  0%| F|  |TAMS 0x0000000701800000, 0x0000000701800000| Untracked 
|   8|0x0000000701a00000, 0x0000000701a00000, 0x0000000701c00000|  0%| F|  |TAMS 0x0000000701a00000, 0x0000000701a00000| Untracked 
|   9|0x0000000701c00000, 0x0000000701c00000, 0x0000000701e00000|  0%| F|  |TAMS 0x0000000701c00000, 0x0000000701c00000| Untracked 
|  10|0x0000000701e00000, 0x0000000701e00000, 0x0000000702000000|  0%| F|  |TAMS 0x0000000701e00000, 0x0000000701e00000| Untracked 
|  11|0x0000000702000000, 0x0000000702000000, 0x0000000702200000|  0%| F|  |TAMS 0x0000000702000000, 0x0000000702000000| Untracked 
|  12|0x0000000702200000, 0x0000000702200000, 0x0000000702400000|  0%| F|  |TAMS 0x0000000702200000, 0x0000000702200000| Untracked 
|  13|0x0000000702400000, 0x0000000702400000, 0x0000000702600000|  0%| F|  |TAMS 0x0000000702400000, 0x0000000702400000| Untracked 
|  14|0x0000000702600000, 0x0000000702600000, 0x0000000702800000|  0%| F|  |TAMS 0x0000000702600000, 0x0000000702600000| Untracked 
|  15|0x0000000702800000, 0x0000000702800000, 0x0000000702a00000|  0%| F|  |TAMS 0x0000000702800000, 0x0000000702800000| Untracked 
|  16|0x0000000702a00000, 0x0000000702a00000, 0x0000000702c00000|  0%| F|  |TAMS 0x0000000702a00000, 0x0000000702a00000| Untracked 
|  17|0x0000000702c00000, 0x0000000702c00000, 0x0000000702e00000|  0%| F|  |TAMS 0x0000000702c00000, 0x0000000702c00000| Untracked 
|  18|0x0000000702e00000, 0x0000000702e00000, 0x0000000703000000|  0%| F|  |TAMS 0x0000000702e00000, 0x0000000702e00000| Untracked 
|  19|0x0000000703000000, 0x0000000703000000, 0x0000000703200000|  0%| F|  |TAMS 0x0000000703000000, 0x0000000703000000| Untracked 
|  20|0x0000000703200000, 0x0000000703200000, 0x0000000703400000|  0%| F|  |TAMS 0x0000000703200000, 0x0000000703200000| Untracked 
|  21|0x0000000703400000, 0x0000000703400000, 0x0000000703600000|  0%| F|  |TAMS 0x0000000703400000, 0x0000000703400000| Untracked 
|  22|0x0000000703600000, 0x0000000703600000, 0x0000000703800000|  0%| F|  |TAMS 0x0000000703600000, 0x0000000703600000| Untracked 
|  23|0x0000000703800000, 0x0000000703800000, 0x0000000703a00000|  0%| F|  |TAMS 0x0000000703800000, 0x0000000703800000| Untracked 
|  24|0x0000000703a00000, 0x0000000703a00000, 0x0000000703c00000|  0%| F|  |TAMS 0x0000000703a00000, 0x0000000703a00000| Untracked 
|  25|0x0000000703c00000, 0x0000000703c00000, 0x0000000703e00000|  0%| F|  |TAMS 0x0000000703c00000, 0x0000000703c00000| Untracked 
|  26|0x0000000703e00000, 0x0000000703e00000, 0x0000000704000000|  0%| F|  |TAMS 0x0000000703e00000, 0x0000000703e00000| Untracked 
|  27|0x0000000704000000, 0x0000000704000000, 0x0000000704200000|  0%| F|  |TAMS 0x0000000704000000, 0x0000000704000000| Untracked 
|  28|0x0000000704200000, 0x0000000704200000, 0x0000000704400000|  0%| F|  |TAMS 0x0000000704200000, 0x0000000704200000| Untracked 
|  29|0x0000000704400000, 0x0000000704400000, 0x0000000704600000|  0%| F|  |TAMS 0x0000000704400000, 0x0000000704400000| Untracked 
|  30|0x0000000704600000, 0x0000000704600000, 0x0000000704800000|  0%| F|  |TAMS 0x0000000704600000, 0x0000000704600000| Untracked 
|  31|0x0000000704800000, 0x0000000704800000, 0x0000000704a00000|  0%| F|  |TAMS 0x0000000704800000, 0x0000000704800000| Untracked 
|  32|0x0000000704a00000, 0x0000000704a00000, 0x0000000704c00000|  0%| F|  |TAMS 0x0000000704a00000, 0x0000000704a00000| Untracked 
|  33|0x0000000704c00000, 0x0000000704c00000, 0x0000000704e00000|  0%| F|  |TAMS 0x0000000704c00000, 0x0000000704c00000| Untracked 
|  34|0x0000000704e00000, 0x0000000704e00000, 0x0000000705000000|  0%| F|  |TAMS 0x0000000704e00000, 0x0000000704e00000| Untracked 
|  35|0x0000000705000000, 0x0000000705000000, 0x0000000705200000|  0%| F|  |TAMS 0x0000000705000000, 0x0000000705000000| Untracked 
|  36|0x0000000705200000, 0x0000000705200000, 0x0000000705400000|  0%| F|  |TAMS 0x0000000705200000, 0x0000000705200000| Untracked 
|  37|0x0000000705400000, 0x0000000705400000, 0x0000000705600000|  0%| F|  |TAMS 0x0000000705400000, 0x0000000705400000| Untracked 
|  38|0x0000000705600000, 0x0000000705600000, 0x0000000705800000|  0%| F|  |TAMS 0x0000000705600000, 0x0000000705600000| Untracked 
|  39|0x0000000705800000, 0x0000000705800000, 0x0000000705a00000|  0%| F|  |TAMS 0x0000000705800000, 0x0000000705800000| Untracked 
|  40|0x0000000705a00000, 0x0000000705a00000, 0x0000000705c00000|  0%| F|  |TAMS 0x0000000705a00000, 0x0000000705a00000| Untracked 
|  41|0x0000000705c00000, 0x0000000705c00000, 0x0000000705e00000|  0%| F|  |TAMS 0x0000000705c00000, 0x0000000705c00000| Untracked 
|  42|0x0000000705e00000, 0x0000000705e00000, 0x0000000706000000|  0%| F|  |TAMS 0x0000000705e00000, 0x0000000705e00000| Untracked 
|  43|0x0000000706000000, 0x0000000706000000, 0x0000000706200000|  0%| F|  |TAMS 0x0000000706000000, 0x0000000706000000| Untracked 
|  44|0x0000000706200000, 0x0000000706200000, 0x0000000706400000|  0%| F|  |TAMS 0x0000000706200000, 0x0000000706200000| Untracked 
|  45|0x0000000706400000, 0x0000000706400000, 0x0000000706600000|  0%| F|  |TAMS 0x0000000706400000, 0x0000000706400000| Untracked 
|  46|0x0000000706600000, 0x0000000706600000, 0x0000000706800000|  0%| F|  |TAMS 0x0000000706600000, 0x0000000706600000| Untracked 
|  47|0x0000000706800000, 0x0000000706800000, 0x0000000706a00000|  0%| F|  |TAMS 0x0000000706800000, 0x0000000706800000| Untracked 
|  48|0x0000000706a00000, 0x0000000706a00000, 0x0000000706c00000|  0%| F|  |TAMS 0x0000000706a00000, 0x0000000706a00000| Untracked 
|  49|0x0000000706c00000, 0x0000000706c00000, 0x0000000706e00000|  0%| F|  |TAMS 0x0000000706c00000, 0x0000000706c00000| Untracked 
|  50|0x0000000706e00000, 0x0000000706e00000, 0x0000000707000000|  0%| F|  |TAMS 0x0000000706e00000, 0x0000000706e00000| Untracked 
|  51|0x0000000707000000, 0x0000000707000000, 0x0000000707200000|  0%| F|  |TAMS 0x0000000707000000, 0x0000000707000000| Untracked 
|  52|0x0000000707200000, 0x0000000707200000, 0x0000000707400000|  0%| F|  |TAMS 0x0000000707200000, 0x0000000707200000| Untracked 
|  53|0x0000000707400000, 0x0000000707400000, 0x0000000707600000|  0%| F|  |TAMS 0x0000000707400000, 0x0000000707400000| Untracked 
|  54|0x0000000707600000, 0x0000000707600000, 0x0000000707800000|  0%| F|  |TAMS 0x0000000707600000, 0x0000000707600000| Untracked 
|  55|0x0000000707800000, 0x0000000707800000, 0x0000000707a00000|  0%| F|  |TAMS 0x0000000707800000, 0x0000000707800000| Untracked 
|  56|0x0000000707a00000, 0x0000000707a00000, 0x0000000707c00000|  0%| F|  |TAMS 0x0000000707a00000, 0x0000000707a00000| Untracked 
|  57|0x0000000707c00000, 0x0000000707c00000, 0x0000000707e00000|  0%| F|  |TAMS 0x0000000707c00000, 0x0000000707c00000| Untracked 
|  58|0x0000000707e00000, 0x0000000707e00000, 0x0000000708000000|  0%| F|  |TAMS 0x0000000707e00000, 0x0000000707e00000| Untracked 
|  59|0x0000000708000000, 0x0000000708000000, 0x0000000708200000|  0%| F|  |TAMS 0x0000000708000000, 0x0000000708000000| Untracked 
|  60|0x0000000708200000, 0x0000000708200000, 0x0000000708400000|  0%| F|  |TAMS 0x0000000708200000, 0x0000000708200000| Untracked 
|  61|0x0000000708400000, 0x0000000708400000, 0x0000000708600000|  0%| F|  |TAMS 0x0000000708400000, 0x0000000708400000| Untracked 
|  62|0x0000000708600000, 0x0000000708600000, 0x0000000708800000|  0%| F|  |TAMS 0x0000000708600000, 0x0000000708600000| Untracked 
|  63|0x0000000708800000, 0x0000000708800000, 0x0000000708a00000|  0%| F|  |TAMS 0x0000000708800000, 0x0000000708800000| Untracked 
|  64|0x0000000708a00000, 0x0000000708a00000, 0x0000000708c00000|  0%| F|  |TAMS 0x0000000708a00000, 0x0000000708a00000| Untracked 
|  65|0x0000000708c00000, 0x0000000708c00000, 0x0000000708e00000|  0%| F|  |TAMS 0x0000000708c00000, 0x0000000708c00000| Untracked 
|  66|0x0000000708e00000, 0x0000000708e00000, 0x0000000709000000|  0%| F|  |TAMS 0x0000000708e00000, 0x0000000708e00000| Untracked 
|  67|0x0000000709000000, 0x0000000709100800, 0x0000000709200000| 50%| E|  |TAMS 0x0000000709000000, 0x0000000709000000| Complete 
|  68|0x0000000709200000, 0x0000000709400000, 0x0000000709400000|100%| E|CS|TAMS 0x0000000709200000, 0x0000000709200000| Complete 
|  69|0x0000000709400000, 0x0000000709600000, 0x0000000709600000|100%| E|CS|TAMS 0x0000000709400000, 0x0000000709400000| Complete 
|  70|0x0000000709600000, 0x0000000709800000, 0x0000000709800000|100%| E|CS|TAMS 0x0000000709600000, 0x0000000709600000| Complete 
|  71|0x0000000709800000, 0x0000000709a00000, 0x0000000709a00000|100%| E|CS|TAMS 0x0000000709800000, 0x0000000709800000| Complete 
|  72|0x0000000709a00000, 0x0000000709c00000, 0x0000000709c00000|100%| E|CS|TAMS 0x0000000709a00000, 0x0000000709a00000| Complete 
|  73|0x0000000709c00000, 0x0000000709e00000, 0x0000000709e00000|100%| E|CS|TAMS 0x0000000709c00000, 0x0000000709c00000| Complete 
|  74|0x0000000709e00000, 0x000000070a000000, 0x000000070a000000|100%| E|CS|TAMS 0x0000000709e00000, 0x0000000709e00000| Complete 
|  75|0x000000070a000000, 0x000000070a200000, 0x000000070a200000|100%| E|CS|TAMS 0x000000070a000000, 0x000000070a000000| Complete 
|  76|0x000000070a200000, 0x000000070a400000, 0x000000070a400000|100%| E|CS|TAMS 0x000000070a200000, 0x000000070a200000| Complete 
|  77|0x000000070a400000, 0x000000070a600000, 0x000000070a600000|100%| E|CS|TAMS 0x000000070a400000, 0x000000070a400000| Complete 
|  78|0x000000070a600000, 0x000000070a800000, 0x000000070a800000|100%| E|CS|TAMS 0x000000070a600000, 0x000000070a600000| Complete 
|  79|0x000000070a800000, 0x000000070aa00000, 0x000000070aa00000|100%| E|CS|TAMS 0x000000070a800000, 0x000000070a800000| Complete 
|  80|0x000000070aa00000, 0x000000070ac00000, 0x000000070ac00000|100%| E|CS|TAMS 0x000000070aa00000, 0x000000070aa00000| Complete 
|  81|0x000000070ac00000, 0x000000070ae00000, 0x000000070ae00000|100%| E|CS|TAMS 0x000000070ac00000, 0x000000070ac00000| Complete 
|  82|0x000000070ae00000, 0x000000070b000000, 0x000000070b000000|100%| E|CS|TAMS 0x000000070ae00000, 0x000000070ae00000| Complete 
|  83|0x000000070b000000, 0x000000070b200000, 0x000000070b200000|100%| E|CS|TAMS 0x000000070b000000, 0x000000070b000000| Complete 
|  84|0x000000070b200000, 0x000000070b400000, 0x000000070b400000|100%| E|CS|TAMS 0x000000070b200000, 0x000000070b200000| Complete 
|  85|0x000000070b400000, 0x000000070b600000, 0x000000070b600000|100%| E|CS|TAMS 0x000000070b400000, 0x000000070b400000| Complete 
|  86|0x000000070b600000, 0x000000070b800000, 0x000000070b800000|100%| E|CS|TAMS 0x000000070b600000, 0x000000070b600000| Complete 
|  87|0x000000070b800000, 0x000000070ba00000, 0x000000070ba00000|100%| E|CS|TAMS 0x000000070b800000, 0x000000070b800000| Complete 
|  88|0x000000070ba00000, 0x000000070bc00000, 0x000000070bc00000|100%| E|CS|TAMS 0x000000070ba00000, 0x000000070ba00000| Complete 
|  89|0x000000070bc00000, 0x000000070be00000, 0x000000070be00000|100%| E|CS|TAMS 0x000000070bc00000, 0x000000070bc00000| Complete 
|  90|0x000000070be00000, 0x000000070c000000, 0x000000070c000000|100%| E|CS|TAMS 0x000000070be00000, 0x000000070be00000| Complete 
|  91|0x000000070c000000, 0x000000070c200000, 0x000000070c200000|100%| E|CS|TAMS 0x000000070c000000, 0x000000070c000000| Complete 
|  92|0x000000070c200000, 0x000000070c400000, 0x000000070c400000|100%| E|CS|TAMS 0x000000070c200000, 0x000000070c200000| Complete 
|  93|0x000000070c400000, 0x000000070c600000, 0x000000070c600000|100%| E|CS|TAMS 0x000000070c400000, 0x000000070c400000| Complete 
|  94|0x000000070c600000, 0x000000070c800000, 0x000000070c800000|100%| E|CS|TAMS 0x000000070c600000, 0x000000070c600000| Complete 
|  95|0x000000070c800000, 0x000000070ca00000, 0x000000070ca00000|100%| E|CS|TAMS 0x000000070c800000, 0x000000070c800000| Complete 
|  96|0x000000070ca00000, 0x000000070cc00000, 0x000000070cc00000|100%| E|CS|TAMS 0x000000070ca00000, 0x000000070ca00000| Complete 
|  97|0x000000070cc00000, 0x000000070ce00000, 0x000000070ce00000|100%| E|CS|TAMS 0x000000070cc00000, 0x000000070cc00000| Complete 
|  98|0x000000070ce00000, 0x000000070d000000, 0x000000070d000000|100%| E|CS|TAMS 0x000000070ce00000, 0x000000070ce00000| Complete 
|  99|0x000000070d000000, 0x000000070d200000, 0x000000070d200000|100%| E|CS|TAMS 0x000000070d000000, 0x000000070d000000| Complete 
| 100|0x000000070d200000, 0x000000070d400000, 0x000000070d400000|100%| E|CS|TAMS 0x000000070d200000, 0x000000070d200000| Complete 
| 101|0x000000070d400000, 0x000000070d600000, 0x000000070d600000|100%| E|CS|TAMS 0x000000070d400000, 0x000000070d400000| Complete 
| 102|0x000000070d600000, 0x000000070d800000, 0x000000070d800000|100%| E|CS|TAMS 0x000000070d600000, 0x000000070d600000| Complete 
| 103|0x000000070d800000, 0x000000070da00000, 0x000000070da00000|100%| E|CS|TAMS 0x000000070d800000, 0x000000070d800000| Complete 
| 104|0x000000070da00000, 0x000000070dc00000, 0x000000070dc00000|100%| E|CS|TAMS 0x000000070da00000, 0x000000070da00000| Complete 
| 105|0x000000070dc00000, 0x000000070de00000, 0x000000070de00000|100%| E|CS|TAMS 0x000000070dc00000, 0x000000070dc00000| Complete 
| 106|0x000000070de00000, 0x000000070e000000, 0x000000070e000000|100%| E|CS|TAMS 0x000000070de00000, 0x000000070de00000| Complete 
| 107|0x000000070e000000, 0x000000070e200000, 0x000000070e200000|100%| E|CS|TAMS 0x000000070e000000, 0x000000070e000000| Complete 
| 108|0x000000070e200000, 0x000000070e400000, 0x000000070e400000|100%| E|CS|TAMS 0x000000070e200000, 0x000000070e200000| Complete 
| 109|0x000000070e400000, 0x000000070e578630, 0x000000070e600000| 73%| S|CS|TAMS 0x000000070e400000, 0x000000070e400000| Complete 
| 110|0x000000070e600000, 0x000000070e800000, 0x000000070e800000|100%| E|CS|TAMS 0x000000070e600000, 0x000000070e600000| Complete 
| 111|0x000000070e800000, 0x000000070ea00000, 0x000000070ea00000|100%| E|CS|TAMS 0x000000070e800000, 0x000000070e800000| Complete 
| 112|0x000000070ea00000, 0x000000070ec00000, 0x000000070ec00000|100%| E|CS|TAMS 0x000000070ea00000, 0x000000070ea00000| Complete 
| 113|0x000000070ec00000, 0x000000070ee00000, 0x000000070ee00000|100%| E|CS|TAMS 0x000000070ec00000, 0x000000070ec00000| Complete 
| 114|0x000000070ee00000, 0x000000070f000000, 0x000000070f000000|100%| E|CS|TAMS 0x000000070ee00000, 0x000000070ee00000| Complete 
| 115|0x000000070f000000, 0x000000070f200000, 0x000000070f200000|100%| E|CS|TAMS 0x000000070f000000, 0x000000070f000000| Complete 
| 116|0x000000070f200000, 0x000000070f400000, 0x000000070f400000|100%| E|CS|TAMS 0x000000070f200000, 0x000000070f200000| Complete 
| 117|0x000000070f400000, 0x000000070f600000, 0x000000070f600000|100%| E|CS|TAMS 0x000000070f400000, 0x000000070f400000| Complete 
| 118|0x000000070f600000, 0x000000070f800000, 0x000000070f800000|100%| E|CS|TAMS 0x000000070f600000, 0x000000070f600000| Complete 
| 119|0x000000070f800000, 0x000000070fa00000, 0x000000070fa00000|100%| E|CS|TAMS 0x000000070f800000, 0x000000070f800000| Complete 
| 120|0x000000070fa00000, 0x000000070fc00000, 0x000000070fc00000|100%| E|CS|TAMS 0x000000070fa00000, 0x000000070fa00000| Complete 
| 121|0x000000070fc00000, 0x000000070fe00000, 0x000000070fe00000|100%| E|CS|TAMS 0x000000070fc00000, 0x000000070fc00000| Complete 
| 122|0x000000070fe00000, 0x0000000710000000, 0x0000000710000000|100%| E|CS|TAMS 0x000000070fe00000, 0x000000070fe00000| Complete 
| 123|0x0000000710000000, 0x0000000710200000, 0x0000000710200000|100%| E|CS|TAMS 0x0000000710000000, 0x0000000710000000| Complete 
| 124|0x0000000710200000, 0x0000000710400000, 0x0000000710400000|100%| E|CS|TAMS 0x0000000710200000, 0x0000000710200000| Complete 
| 125|0x0000000710400000, 0x0000000710600000, 0x0000000710600000|100%| E|CS|TAMS 0x0000000710400000, 0x0000000710400000| Complete 
| 126|0x0000000710600000, 0x0000000710800000, 0x0000000710800000|100%| E|CS|TAMS 0x0000000710600000, 0x0000000710600000| Complete 
| 127|0x0000000710800000, 0x0000000710a00000, 0x0000000710a00000|100%| E|CS|TAMS 0x0000000710800000, 0x0000000710800000| Complete 

Card table byte_map: [0x000001e8bfee0000,0x000001e8c06e0000] _byte_map_base: 0x000001e8bc6db000

Marking Bits (Prev, Next): (CMBitMap*) 0x000001e8aaadaab0, (CMBitMap*) 0x000001e8aaadaaf0
 Prev Bits: [0x000001e8c0ee0000, 0x000001e8c4eb8000)
 Next Bits: [0x000001e8c4ec0000, 0x000001e8c8e98000)

Polling page: 0x000001e8afc50000

Metaspace:

Usage:
  Non-class:      8.60 MB capacity,     8.51 MB ( 99%) used,    89.44 KB (  1%) free+waste,     5.69 KB ( <1%) overhead. 
      Class:    853.00 KB capacity,   800.66 KB ( 94%) used,    50.59 KB (  6%) free+waste,     1.75 KB ( <1%) overhead. 
       Both:      9.44 MB capacity,     9.29 MB ( 98%) used,   140.03 KB (  1%) free+waste,     7.44 KB ( <1%) overhead. 

Virtual space:
  Non-class space:       10.00 MB reserved,       8.75 MB ( 88%) committed 
      Class space:        1.00 GB reserved,     896.00 KB ( <1%) committed 
             Both:        1.01 GB reserved,       9.62 MB ( <1%) committed 

Chunk freelists:
   Non-Class:  23.00 KB
       Class:  11.00 KB
        Both:  34.00 KB

MaxMetaspaceSize: 17179869184.00 GB
CompressedClassSpaceSize: 1.00 GB

CodeHeap 'non-profiled nmethods': size=120000Kb used=191Kb max_used=191Kb free=119808Kb
 bounds [0x000001e8b7740000, 0x000001e8b79b0000, 0x000001e8bec70000]
CodeHeap 'profiled nmethods': size=120000Kb used=742Kb max_used=742Kb free=119257Kb
 bounds [0x000001e8b0210000, 0x000001e8b0480000, 0x000001e8b7740000]
CodeHeap 'non-nmethods': size=5760Kb used=1226Kb max_used=1264Kb free=4533Kb
 bounds [0x000001e8afc70000, 0x000001e8afee0000, 0x000001e8b0210000]
 total_blobs=923 nmethods=535 adapters=301
 compilation: enabled
              stopped_count=0, restarted_count=0
 full_count=0

Compilation events (20 events):
Event: 150.632 Thread 0x000001e8cc260c20  531       3       org.eclipse.jdt.launching.internal.org.objectweb.asm.ClassReader::readUtf (161 bytes)
Event: 150.634 Thread 0x000001e8cc260c20 

Event: 150.634 Thread 0x000001e8cc260c20  530       3       org.eclipse.jdt.launching.internal.org.objectweb.asm.ClassReader::getItem (7 bytes)
Event: 150.635 Thread 0x000001e8cc260c20 nmethod 530 0x000001e8b02c7390 code [0x000001e8b02c7520, 0x000001e8b02c7658]
Event: 150.635 Thread 0x000001e8cc260c20  528       3       org.eclipse.jdt.launching.internal.org.objectweb.asm.SymbolTable::add (39 bytes)
Event: 150.635 Thread 0x000001e8cc260c20 nmethod 528 0x000001e8b02c7710 code [0x000001e8b02c78c0, 0x000001e8b02c7c18]
Event: 150.635 Thread 0x000001e8cc260c20  529       3       org.eclipse.jdt.launching.internal.org.objectweb.asm.SymbolTable::hash (10 bytes)
Event: 150.635 Thread 0x000001e8cc260c20 nmethod 529 0x000001e8b02c7d90 code [0x000001e8b02c7f40, 0x000001e8b02c8068]
Event: 224.707 Thread 0x000001e8cc260180  532       4       org.eclipse.jdt.launching.internal.org.objectweb.asm.ClassReader::readUnsignedShort (26 bytes)
Event: 224.707 Thread 0x000001e8cc260c20  533       3       org.eclipse.jdt.launching.internal.org.objectweb.asm.ClassReader::readUtf (161 bytes)
Event: 224.708 Thread 0x000001e8cc260c20 nmethod 533 0x000001e8b02c8190 code [0x000001e8b02c8360, 0x000001e8b02c8808]
Event: 224.708 Thread 0x000001e8cc260c20  534       3       org.eclipse.jdt.launching.internal.org.objectweb.asm.SymbolTable$Entry::<init> (17 bytes)
Event: 224.708 Thread 0x000001e8cc260c20 nmethod 534 0x000001e8b02c8b10 code [0x000001e8b02c8cc0, 0x000001e8b02c8e48]
Event: 224.708 Thread 0x000001e8cc260c20  535       3       org.eclipse.jdt.launching.internal.org.objectweb.asm.SymbolTable::addConstantUtf8 (20 bytes)
Event: 224.708 Thread 0x000001e8cc260c20 nmethod 535 0x000001e8b02c8f10 code [0x000001e8b02c90e0, 0x000001e8b02c9388]
Event: 224.708 Thread 0x000001e8cc260180 nmethod 532 0x000001e8b776fa10 code [0x000001e8b776fba0, 0x000001e8b776fc98]
Event: 294.705 Thread 0x000001e8cc260180  536       4       java.lang.StringUTF16::compress (50 bytes)
Event: 294.712 Thread 0x000001e8cc260180 

Event: 339.089 Thread 0x000001e8cc260c20  537       3       org.eclipse.jdt.launching.internal.org.objectweb.asm.ByteVector::putShort (52 bytes)
Event: 339.090 Thread 0x000001e8cc260c20 nmethod 537 0x000001e8b02c9510 code [0x000001e8b02c96c0, 0x000001e8b02c98c8]

GC Heap History (4 events):
Event: 1.106 GC heap before
{Heap before GC invocations=0 (full 0):
 garbage-first heap   total 262144K, used 22528K [0x0000000700a00000, 0x0000000800000000)
  region size 2048K, 11 young (22528K), 0 survivors (0K)
 Metaspace       used 9450K, capacity 9534K, committed 9600K, reserved 1058816K
  class space    used 798K, capacity 853K, committed 896K, reserved 1048576K
}
Event: 1.108 GC heap after
{Heap after GC invocations=1 (full 0):
 garbage-first heap   total 262144K, used 1456K [0x0000000700a00000, 0x0000000800000000)
  region size 2048K, 1 young (2048K), 1 survivors (2048K)
 Metaspace       used 9450K, capacity 9534K, committed 9600K, reserved 1058816K
  class space    used 798K, capacity 853K, committed 896K, reserved 1048576K
}
Event: 5.613 GC heap before
{Heap before GC invocations=1 (full 0):
 garbage-first heap   total 262144K, used 36272K [0x0000000700a00000, 0x0000000800000000)
  region size 2048K, 18 young (36864K), 1 survivors (2048K)
 Metaspace       used 9463K, capacity 9598K, committed 9856K, reserved 1058816K
  class space    used 798K, capacity 853K, committed 896K, reserved 1048576K
}
Event: 5.615 GC heap after
{Heap after GC invocations=2 (full 0):
 garbage-first heap   total 262144K, used 1505K [0x0000000700a00000, 0x0000000800000000)
  region size 2048K, 1 young (2048K), 1 survivors (2048K)
 Metaspace       used 9463K, capacity 9598K, committed 9856K, reserved 1058816K
  class space    used 798K, capacity 853K, committed 896K, reserved 1048576K
}

Deoptimization events (20 events):
Event: 0.721 Thread 0x000001e8aaa890f0 DEOPT PACKING pc=0x000001e8b02b256a sp=0x000000e04fffebc0
Event: 0.721 Thread 0x000001e8aaa890f0 DEOPT UNPACKING pc=0x000001e8afcbe23f sp=0x000000e04fffe160 mode 0
Event: 0.721 Thread 0x000001e8aaa890f0 DEOPT PACKING pc=0x000001e8b02b256a sp=0x000000e04fffebc0
Event: 0.721 Thread 0x000001e8aaa890f0 DEOPT UNPACKING pc=0x000001e8afcbe23f sp=0x000000e04fffe160 mode 0
Event: 0.721 Thread 0x000001e8aaa890f0 DEOPT PACKING pc=0x000001e8b02b256a sp=0x000000e04fffebc0
Event: 0.721 Thread 0x000001e8aaa890f0 DEOPT UNPACKING pc=0x000001e8afcbe23f sp=0x000000e04fffe160 mode 0
Event: 0.721 Thread 0x000001e8aaa890f0 DEOPT PACKING pc=0x000001e8b02b256a sp=0x000000e04fffebc0
Event: 0.721 Thread 0x000001e8aaa890f0 DEOPT UNPACKING pc=0x000001e8afcbe23f sp=0x000000e04fffe160 mode 0
Event: 0.721 Thread 0x000001e8aaa890f0 DEOPT PACKING pc=0x000001e8b02b256a sp=0x000000e04fffebc0
Event: 0.721 Thread 0x000001e8aaa890f0 DEOPT UNPACKING pc=0x000001e8afcbe23f sp=0x000000e04fffe160 mode 0
Event: 0.721 Thread 0x000001e8aaa890f0 DEOPT PACKING pc=0x000001e8b02b256a sp=0x000000e04fffebc0
Event: 0.721 Thread 0x000001e8aaa890f0 DEOPT UNPACKING pc=0x000001e8afcbe23f sp=0x000000e04fffe160 mode 0
Event: 0.722 Thread 0x000001e8aaa890f0 DEOPT PACKING pc=0x000001e8b02b256a sp=0x000000e04fffebc0
Event: 0.722 Thread 0x000001e8aaa890f0 DEOPT UNPACKING pc=0x000001e8afcbe23f sp=0x000000e04fffe160 mode 0
Event: 0.722 Thread 0x000001e8aaa890f0 DEOPT PACKING pc=0x000001e8b02b256a sp=0x000000e04fffebc0
Event: 0.722 Thread 0x000001e8aaa890f0 DEOPT UNPACKING pc=0x000001e8afcbe23f sp=0x000000e04fffe160 mode 0
Event: 0.722 Thread 0x000001e8aaa890f0 DEOPT PACKING pc=0x000001e8b02b256a sp=0x000000e04fffebc0
Event: 0.722 Thread 0x000001e8aaa890f0 DEOPT UNPACKING pc=0x000001e8afcbe23f sp=0x000000e04fffe160 mode 0
Event: 0.722 Thread 0x000001e8aaa890f0 DEOPT PACKING pc=0x000001e8b02b256a sp=0x000000e04fffebc0
Event: 0.722 Thread 0x000001e8aaa890f0 DEOPT UNPACKING pc=0x000001e8afcbe23f sp=0x000000e04fffe160 mode 0

Classes unloaded (0 events):
No events

Classes redefined (4 events):
Event: 150.633 Thread 0x000001e8cc1f3720 redefined class name=Gamedata, count=1
Event: 224.709 Thread 0x000001e8cc1f3720 redefined class name=Gamedata, count=2
Event: 294.706 Thread 0x000001e8cc1f3720 redefined class name=Gamedata, count=3
Event: 339.091 Thread 0x000001e8cc1f3720 redefined class name=Gamedata, count=4

Internal exceptions (3 events):
Event: 0.230 Thread 0x000001e8aaa890f0 Exception <a 'java/lang/NoSuchMethodError'{0x00000007106482a0}: 'void java.lang.invoke.DirectMethodHandle$Holder.invokeStatic(java.lang.Object, java.lang.Object)'> (0x00000007106482a0) 
thrown [./open/src/hotspot/share/interpreter/linkResolver.cpp, line 782]
Event: 0.231 Thread 0x000001e8aaa890f0 Exception <a 'java/lang/NoSuchMethodError'{0x000000071064bf48}: 'void java.lang.invoke.DirectMethodHandle$Holder.invokeStaticInit(java.lang.Object, java.lang.Object)'> (0x000000071064bf48) 
thrown [./open/src/hotspot/share/interpreter/linkResolver.cpp, line 782]
Event: 0.294 Thread 0x000001e8aaa890f0 Exception <a 'java/lang/NoSuchMethodError'{0x000000071042da68}: 'java.lang.Object java.lang.invoke.DirectMethodHandle$Holder.invokeStatic(java.lang.Object)'> (0x000000071042da68) 
thrown [./open/src/hotspot/share/interpreter/linkResolver.cpp, line 782]

Events (20 events):
Event: 339.101 Executing VM operation: ChangeBreakpoints
Event: 339.102 Executing VM operation: ChangeBreakpoints done
Event: 339.105 Executing VM operation: ChangeBreakpoints
Event: 339.105 Executing VM operation: ChangeBreakpoints done
Event: 339.106 Executing VM operation: GetFrameCount
Event: 339.106 Executing VM operation: GetFrameCount done
Event: 339.106 Executing VM operation: GetStackTrace
Event: 339.106 Executing VM operation: GetStackTrace done
Event: 339.106 Executing VM operation: GetFrameCount
Event: 339.106 Executing VM operation: GetFrameCount done
Event: 339.106 Executing VM operation: SetFramePop
Event: 339.107 Executing VM operation: SetFramePop done
Event: 339.107 Executing VM operation: GetFrameLocation
Event: 339.107 Executing VM operation: GetFrameLocation done
Event: 339.107 Executing VM operation: GetCurrentLocation
Event: 339.107 Executing VM operation: GetCurrentLocation done
Event: 339.107 Executing VM operation: ChangeSingleStep
Event: 339.107 Executing VM operation: ChangeSingleStep done
Event: 339.107 Executing VM operation: GetFrameLocation
Event: 339.107 Executing VM operation: GetFrameLocation done


Dynamic libraries:
0x00007ff6ca3e0000 - 0x00007ff6ca3ed000 	C:\Users\TTR92\.p2\pool\plugins\org.eclipse.justj.openjdk.hotspot.jre.full.win32.x86_64_15.0.2.v20210201-0955\jre\bin\javaw.exe
0x00007ffbf5290000 - 0x00007ffbf5485000 	C:\WINDOWS\SYSTEM32\ntdll.dll
0x00007ffbf38a0000 - 0x00007ffbf395d000 	C:\WINDOWS\System32\KERNEL32.DLL
0x00007ffbf2de0000 - 0x00007ffbf30a8000 	C:\WINDOWS\System32\KERNELBASE.dll
0x00007ffbf2ae0000 - 0x00007ffbf2be0000 	C:\WINDOWS\System32\ucrtbase.dll
0x00007ffbd7f90000 - 0x00007ffbd7fa9000 	C:\Users\TTR92\.p2\pool\plugins\org.eclipse.justj.openjdk.hotspot.jre.full.win32.x86_64_15.0.2.v20210201-0955\jre\bin\VCRUNTIME140.dll
0x00007ffbe5920000 - 0x00007ffbe5938000 	C:\Users\TTR92\.p2\pool\plugins\org.eclipse.justj.openjdk.hotspot.jre.full.win32.x86_64_15.0.2.v20210201-0955\jre\bin\jli.dll
0x00007ffbf3bf0000 - 0x00007ffbf3d90000 	C:\WINDOWS\System32\USER32.dll
0x00007ffbddad0000 - 0x00007ffbddd6a000 	C:\WINDOWS\WinSxS\amd64_microsoft.windows.common-controls_6595b64144ccf1df_6.0.19041.844_none_ca00b6081b84eb1d\COMCTL32.dll
0x00007ffbf32c0000 - 0x00007ffbf32e2000 	C:\WINDOWS\System32\win32u.dll
0x00007ffbf3b50000 - 0x00007ffbf3bee000 	C:\WINDOWS\System32\msvcrt.dll
0x00007ffbf3d90000 - 0x00007ffbf3dba000 	C:\WINDOWS\System32\GDI32.dll
0x00007ffbf29d0000 - 0x00007ffbf2adb000 	C:\WINDOWS\System32\gdi32full.dll
0x00007ffbf2be0000 - 0x00007ffbf2c7d000 	C:\WINDOWS\System32\msvcp_win.dll
0x00007ffbf4780000 - 0x00007ffbf47b0000 	C:\WINDOWS\System32\IMM32.DLL
0x00007ffbe70b0000 - 0x00007ffbe70bc000 	C:\Users\TTR92\.p2\pool\plugins\org.eclipse.justj.openjdk.hotspot.jre.full.win32.x86_64_15.0.2.v20210201-0955\jre\bin\vcruntime140_1.dll
0x00007ffbbebe0000 - 0x00007ffbbec71000 	C:\Users\TTR92\.p2\pool\plugins\org.eclipse.justj.openjdk.hotspot.jre.full.win32.x86_64_15.0.2.v20210201-0955\jre\bin\msvcp140.dll
0x00007ffb82090000 - 0x00007ffb82bee000 	C:\Users\TTR92\.p2\pool\plugins\org.eclipse.justj.openjdk.hotspot.jre.full.win32.x86_64_15.0.2.v20210201-0955\jre\bin\server\jvm.dll
0x00007ffbf3ff0000 - 0x00007ffbf409c000 	C:\WINDOWS\System32\ADVAPI32.dll
0x00007ffbf3f50000 - 0x00007ffbf3feb000 	C:\WINDOWS\System32\sechost.dll
0x00007ffbf4fe0000 - 0x00007ffbf510b000 	C:\WINDOWS\System32\RPCRT4.dll
0x00007ffbf37b0000 - 0x00007ffbf37b8000 	C:\WINDOWS\System32\PSAPI.DLL
0x00007ffbec2e0000 - 0x00007ffbec2ea000 	C:\WINDOWS\SYSTEM32\VERSION.dll
0x00007ffbe98d0000 - 0x00007ffbe98f7000 	C:\WINDOWS\SYSTEM32\WINMM.dll
0x00007ffbe55f0000 - 0x00007ffbe55f9000 	C:\WINDOWS\SYSTEM32\WSOCK32.dll
0x00007ffbf5110000 - 0x00007ffbf517b000 	C:\WINDOWS\System32\WS2_32.dll
0x00007ffbf12c0000 - 0x00007ffbf12d2000 	C:\WINDOWS\SYSTEM32\kernel.appcore.dll
0x00007ffbee050000 - 0x00007ffbee05a000 	C:\Users\TTR92\.p2\pool\plugins\org.eclipse.justj.openjdk.hotspot.jre.full.win32.x86_64_15.0.2.v20210201-0955\jre\bin\jimage.dll
0x00007ffbf0630000 - 0x00007ffbf0814000 	C:\WINDOWS\SYSTEM32\DBGHELP.DLL
0x00007ffbe5970000 - 0x00007ffbe599c000 	C:\WINDOWS\SYSTEM32\dbgcore.DLL
0x00007ffbf3240000 - 0x00007ffbf32c0000 	C:\WINDOWS\System32\bcryptPrimitives.dll
0x00007ffbd5320000 - 0x00007ffbd5359000 	C:\Users\TTR92\.p2\pool\plugins\org.eclipse.justj.openjdk.hotspot.jre.full.win32.x86_64_15.0.2.v20210201-0955\jre\bin\jdwp.dll
0x00007ffbe7090000 - 0x00007ffbe709e000 	C:\Users\TTR92\.p2\pool\plugins\org.eclipse.justj.openjdk.hotspot.jre.full.win32.x86_64_15.0.2.v20210201-0955\jre\bin\instrument.dll
0x00007ffbedf90000 - 0x00007ffbedfb5000 	C:\Users\TTR92\.p2\pool\plugins\org.eclipse.justj.openjdk.hotspot.jre.full.win32.x86_64_15.0.2.v20210201-0955\jre\bin\java.dll
0x00007ffbedf70000 - 0x00007ffbedf88000 	C:\Users\TTR92\.p2\pool\plugins\org.eclipse.justj.openjdk.hotspot.jre.full.win32.x86_64_15.0.2.v20210201-0955\jre\bin\zip.dll
0x00007ffbf4890000 - 0x00007ffbf4fd2000 	C:\WINDOWS\System32\SHELL32.dll
0x00007ffbf0b10000 - 0x00007ffbf12a1000 	C:\WINDOWS\SYSTEM32\windows.storage.dll
0x00007ffbf33a0000 - 0x00007ffbf36f5000 	C:\WINDOWS\System32\combase.dll
0x00007ffbf2370000 - 0x00007ffbf239c000 	C:\WINDOWS\SYSTEM32\Wldp.dll
0x00007ffbf32f0000 - 0x00007ffbf339e000 	C:\WINDOWS\System32\SHCORE.dll
0x00007ffbf4720000 - 0x00007ffbf4775000 	C:\WINDOWS\System32\shlwapi.dll
0x00007ffbf2910000 - 0x00007ffbf292f000 	C:\WINDOWS\SYSTEM32\profapi.dll
0x00007ffbe58f0000 - 0x00007ffbe58fb000 	C:\Users\TTR92\.p2\pool\plugins\org.eclipse.justj.openjdk.hotspot.jre.full.win32.x86_64_15.0.2.v20210201-0955\jre\bin\dt_socket.dll
0x00007ffbf1dd0000 - 0x00007ffbf1e0b000 	C:\WINDOWS\SYSTEM32\IPHLPAPI.DLL
0x00007ffbf20e0000 - 0x00007ffbf214a000 	C:\WINDOWS\system32\mswsock.dll
0x00007ffbf1e10000 - 0x00007ffbf1edc000 	C:\WINDOWS\SYSTEM32\DNSAPI.dll
0x00007ffbf3960000 - 0x00007ffbf3968000 	C:\WINDOWS\System32\NSI.dll
0x00007ffbea510000 - 0x00007ffbea51a000 	C:\Windows\System32\rasadhlp.dll
0x00007ffbea370000 - 0x00007ffbea3ef000 	C:\WINDOWS\System32\fwpuclnt.dll
0x00007ffbf3210000 - 0x00007ffbf3237000 	C:\WINDOWS\System32\bcrypt.dll
0x00007ffbed7c0000 - 0x00007ffbed7d9000 	C:\Users\TTR92\.p2\pool\plugins\org.eclipse.justj.openjdk.hotspot.jre.full.win32.x86_64_15.0.2.v20210201-0955\jre\bin\net.dll
0x00007ffbeacf0000 - 0x00007ffbeadfb000 	C:\WINDOWS\SYSTEM32\WINHTTP.dll
0x00007ffbed7a0000 - 0x00007ffbed7b2000 	C:\Users\TTR92\.p2\pool\plugins\org.eclipse.justj.openjdk.hotspot.jre.full.win32.x86_64_15.0.2.v20210201-0955\jre\bin\nio.dll
0x00007ffbee040000 - 0x00007ffbee050000 	C:\Users\TTR92\.p2\pool\plugins\org.eclipse.justj.openjdk.hotspot.jre.full.win32.x86_64_15.0.2.v20210201-0955\jre\bin\verify.dll

dbghelp: loaded successfully - version: 4.0.5 - missing functions: none
symbol engine: initialized successfully - sym options: 0x614 - pdb path: .;C:\Users\TTR92\.p2\pool\plugins\org.eclipse.justj.openjdk.hotspot.jre.full.win32.x86_64_15.0.2.v20210201-0955\jre\bin;C:\WINDOWS\SYSTEM32;C:\WINDOWS\WinSxS\amd64_microsoft.windows.common-controls_6595b64144ccf1df_6.0.19041.844_none_ca00b6081b84eb1d;C:\Users\TTR92\.p2\pool\plugins\org.eclipse.justj.openjdk.hotspot.jre.full.win32.x86_64_15.0.2.v20210201-0955\jre\bin\server

VM Arguments:
jvm_args: -XX:+ShowCodeDetailsInExceptionMessages -agentlib:jdwp=transport=dt_socket,suspend=y,address=localhost:59558 -javaagent:E:\Program Files (x86)\Eclipse\java-2020-12\eclipse\configuration\org.eclipse.osgi\220\0\.cp\lib\javaagent-shaded.jar -Dfile.encoding=Cp1252 
java_command: Main
java_class_path (initial): D:\Drive\Drive_TravailVanburen\Isep Travaux\Numérique___\JAVA\ProjetJava\eclipse-workspace\ProjetDomiNations\bin
Launcher Type: SUN_STANDARD

[Global flags]
     intx CICompilerCount                          = 4                                         {product} {ergonomic}
     uint ConcGCThreads                            = 2                                         {product} {ergonomic}
     uint G1ConcRefinementThreads                  = 8                                         {product} {ergonomic}
   size_t G1HeapRegionSize                         = 2097152                                   {product} {ergonomic}
    uintx GCDrainStackTargetSize                   = 64                                        {product} {ergonomic}
   size_t InitialHeapSize                          = 268435456                                 {product} {ergonomic}
   size_t MarkStackSize                            = 4194304                                   {product} {ergonomic}
   size_t MaxHeapSize                              = 4284481536                                {product} {ergonomic}
   size_t MaxNewSize                               = 2569011200                                {product} {ergonomic}
   size_t MinHeapDeltaBytes                        = 2097152                                   {product} {ergonomic}
   size_t MinHeapSize                              = 8388608                                   {product} {ergonomic}
    uintx NonNMethodCodeHeapSize                   = 5839372                                {pd product} {ergonomic}
    uintx NonProfiledCodeHeapSize                  = 122909434                              {pd product} {ergonomic}
    uintx ProfiledCodeHeapSize                     = 122909434                              {pd product} {ergonomic}
    uintx ReservedCodeCacheSize                    = 251658240                              {pd product} {ergonomic}
     bool SegmentedCodeCache                       = true                                      {product} {ergonomic}
     bool ShowCodeDetailsInExceptionMessages       = true                                   {manageable} {command line}
   size_t SoftMaxHeapSize                          = 4284481536                             {manageable} {ergonomic}
     bool UseCompressedClassPointers               = true                                 {lp64_product} {ergonomic}
     bool UseCompressedOops                        = true                                 {lp64_product} {ergonomic}
     bool UseG1GC                                  = true                                      {product} {ergonomic}
     bool UseLargePagesIndividualAllocation        = false                                  {pd product} {ergonomic}

Logging:
Log output configuration:
 #0: stdout all=warning uptime,level,tags
 #1: stderr all=off uptime,level,tags

Environment Variables:
PATH=C:\Users\TTR92\.p2\pool\plugins\org.eclipse.justj.openjdk.hotspot.jre.full.win32.x86_64_15.0.2.v20210201-0955\jre\bin;C:/Users/TTR92/.p2/pool/plugins/org.eclipse.justj.openjdk.hotspot.jre.full.win32.x86_64_15.0.2.v20210201-0955/jre/bin/server;C:/Users/TTR92/.p2/pool/plugins/org.eclipse.justj.openjdk.hotspot.jre.full.win32.x86_64_15.0.2.v20210201-0955/jre/bin;C:\Program Files (x86)\Common Files\Oracle\Java\javapath;c:\programdata\oracle\java\javapath;c:\program files (x86)\intel\icls client\;c:\program files\intel\icls client\;c:\windows\system32;c:\windows;c:\windows\system32\wbem;c:\windows\system32\windowspowershell\v1.0\;c:\program files (x86)\intel\intel(r) management engine components\dal;c:\program files\intel\intel(r) management engine components\dal;c:\program files (x86)\intel\intel(r) management engine components\ipt;c:\program files\intel\intel(r) management engine components\ipt;d:\mathlab\bin;c:\program files\common files\autodesk shared\;c:\windows\system32\openssh\;c:\program files\autodesk\3ds max 2013\plugins\bgs\libs;C:\Program Files (x86)\NVIDIA Corporation\PhysX\Common;C:\Program Files (x86)\Common Files\Autodesk Shared\;C:\Program Files\NVIDIA Corporation\NVIDIA NvDLISR;C:\WINDOWS\system32;C:\WINDOWS;C:\WINDOWS\System32\Wbem;C:\WINDOWS\System32\WindowsPowerShell\v1.0\;C:\Program Files (x86)\Autodesk\Backburner\;C:\Program Files\Microsoft SQL Server\130\Tools\Binn\;C:\Program Files\dotnet\;C:\Users\TTR92\AppData\Local\Microsoft\WindowsApps;C:\Users\TTR92\AppData\Local\GitHubDesktop\bin;C:\Users\TTR92\.dotnet\tools;C:\Users\TTR92\AppData\Local\Microsoft\WindowsApps;;C:\WINDOWS\system32;
USERNAME=TTR92
OS=Windows_NT
PROCESSOR_IDENTIFIER=Intel64 Family 6 Model 158 Stepping 9, GenuineIntel



---------------  S Y S T E M  ---------------

OS:
 Windows 10 , 64 bit Build 19041 (10.0.19041.928)
OS uptime: 0 days 5:26 hours

CPU: total 8 (initial active 8) (4 cores per cpu, 2 threads per core) family 6 model 158 stepping 9 microcode 0xde, cmov, cx8, fxsr, mmx, sse, sse2, sse3, ssse3, sse4.1, sse4.2, popcnt, vzeroupper, avx, avx2, aes, clmul, erms, rtm, 3dnowpref, lzcnt, ht, tsc, tscinvbit, bmi1, bmi2, adx, fma, clflush, clflushopt

Memory: 4k page, system-wide physical 16341M (10649M free)
TotalPageFile size 18773M (AvailPageFile size 6353M)
current process WorkingSet (physical memory assigned to process): 161M, peak: 161M
current process commit charge ("private bytes"): 344M, peak: 350M

vm_info: OpenJDK 64-Bit Server VM (15.0.2+7-27) for windows-amd64 JRE (15.0.2+7-27), built on Dec  7 2020 20:02:38 by "mach5one" with unknown MS VC++:1925

END.
