#
# A fatal error has been detected by the Java Runtime Environment:
#
#  EXCEPTION_ACCESS_VIOLATION (0xc0000005) at pc=0x00007ffb8229e938, pid=12448, tid=14928
#
# JRE version: OpenJDK Runtime Environment (15.0.2+7) (build 15.0.2+7-27)
# Java VM: OpenJDK 64-Bit Server VM (15.0.2+7-27, mixed mode, tiered, compressed oops, g1 gc, windows-amd64)
# Problematic frame:
# V  [jvm.dll+0x20e938]
#
# No core dump will be written. Minidumps are not enabled by default on client versions of Windows
#
# If you would like to submit a bug report, please visit:
#   https://bugreport.java.com/bugreport/crash.jsp
#

---------------  S U M M A R Y ------------

Command Line: -XX:+ShowCodeDetailsInExceptionMessages -agentlib:jdwp=transport=dt_socket,suspend=y,address=localhost:59581 -javaagent:E:\Program Files (x86)\Eclipse\java-2020-12\eclipse\configuration\org.eclipse.osgi\220\0\.cp\lib\javaagent-shaded.jar -Dfile.encoding=Cp1252 Main

Host: Intel(R) Core(TM) i7-7700K CPU @ 4.20GHz, 8 cores, 15G,  Windows 10 , 64 bit Build 19041 (10.0.19041.928)
Time: Sat Apr 24 17:25:30 2021 Paris, Madrid (heure d’été) elapsed time: 259.341461 seconds (0d 0h 4m 19s)

---------------  T H R E A D  ---------------

Current thread (0x000001ee6e1ac3f0):  JavaThread "JDWP Transport Listener: dt_socket" daemon [_thread_in_vm, id=14928, stack(0x00000087e6500000,0x00000087e6600000)] _threads_hazard_ptr=0x000001ee6e48d630

Stack: [0x00000087e6500000,0x00000087e6600000],  sp=0x00000087e65fec18,  free space=1019k
Native frames: (J=compiled Java code, j=interpreted, Vv=VM code, C=native code)
V  [jvm.dll+0x20e938]


siginfo: EXCEPTION_ACCESS_VIOLATION (0xc0000005), reading address 0x000001ee6f0513a8


Register to memory mapping:

RIP=0x00007ffb8229e938 jvm.dll
RAX=0x0000000000196560 is an unknown value
RBX=0x00000087e65feec0 is pointing into the stack for thread: 0x000001ee6e1ac3f0
RCX=0x000001ee6eebae48 is pointing into metadata
RDX=0x000000000000cb2a is an unknown value
RSP=0x00000087e65fec18 is pointing into the stack for thread: 0x000001ee6e1ac3f0
RBP=0x0000000000000001 is an unknown value
RSI=0x0000000000000001 is an unknown value
RDI=0x000001ee6eeb9b20 is pointing into metadata
R8 =0x0 is NULL
R9 =0x000001ee6eeb9b20 is pointing into metadata
R10=0x000001ee6df18fc4 points into unknown readable memory: 00 00 00 47
R11=0x000001ee6df18f40 points into unknown readable memory: 0x2fffffff47000000 | 00 00 00 47 ff ff ff 2f
R12=0x00007ffb82090000 jvm.dll
R13=0x000001ee6df18f18 points into unknown readable memory: 0x00000031109b4500 | 00 45 9b 10 31 00 00 00
R14=0x0 is NULL
R15=0x0000000000000046 is an unknown value


Registers:
RAX=0x0000000000196560, RBX=0x00000087e65feec0, RCX=0x000001ee6eebae48, RDX=0x000000000000cb2a
RSP=0x00000087e65fec18, RBP=0x0000000000000001, RSI=0x0000000000000001, RDI=0x000001ee6eeb9b20
R8 =0x0000000000000000, R9 =0x000001ee6eeb9b20, R10=0x000001ee6df18fc4, R11=0x000001ee6df18f40
R12=0x00007ffb82090000, R13=0x000001ee6df18f18, R14=0x0000000000000000, R15=0x0000000000000046
RIP=0x00007ffb8229e938, EFLAGS=0x0000000000010206

Top of Stack: (sp=0x00000087e65fec18)
0x00000087e65fec18:   00007ffb8238fa93 00000087e65fec90
0x00000087e65fec28:   00007ffb82199d9e 00000087e65fec90
0x00000087e65fec38:   00007ffb821920be 000001ee00000000
0x00000087e65fec48:   0000000000000078 00000087e65feec0
0x00000087e65fec58:   00007ffb82390793 0000116207ba50a5
0x00000087e65fec68:   00007ffb8239321c 0000000000000000
0x00000087e65fec78:   0000000000000078 00000087e65feec0
0x00000087e65fec88:   00007ffb82391fc2 00000087e65feec0
0x00000087e65fec98:   00000087e65fed30 0000000000000001
0x00000087e65feca8:   00007ffb82199d9e 0000008700000031
0x00000087e65fecb8:   0000000000000003 0000000000000000
0x00000087e65fecc8:   00000087e65fed30 0000000000000003
0x00000087e65fecd8:   00007ffb8209c1a6 000001ee6eeba8b8
0x00000087e65fece8:   00000087e65feec0 0000000000000046
0x00000087e65fecf8:   0000000000000003 00000087e65feec0
0x00000087e65fed08:   00007ffb823926ce 00000087e65fed60 

Instructions: (pc=0x00007ffb8229e938)
0x00007ffb8229e838:   03 03 03 03 03 03 03 03 03 03 03 03 03 03 03 03
0x00007ffb8229e848:   03 03 03 03 03 03 03 03 03 03 03 03 03 03 03 03
0x00007ffb8229e858:   03 03 03 03 03 03 03 03 03 03 03 03 03 03 03 03
0x00007ffb8229e868:   03 03 03 03 03 03 03 03 03 03 03 03 03 03 03 03
0x00007ffb8229e878:   03 03 03 02 03 03 02 cc 48 89 5c 24 08 48 89 74
0x00007ffb8229e888:   24 10 57 48 83 ec 20 48 63 da 41 0f b6 f0 48 8b
0x00007ffb8229e898:   f9 85 d2 79 24 4c 8d 0d bc 97 66 00 ba af 02 00
0x00007ffb8229e8a8:   00 4c 8d 05 e8 97 66 00 48 8d 0d 61 97 66 00 e8
0x00007ffb8229e8b8:   54 79 00 00 e8 7f c0 41 00 40 84 f6 75 18 48 8b
0x00007ffb8229e8c8:   4f 10 48 85 c9 74 0f 48 8d 43 01 48 c1 e0 05 48
0x00007ffb8229e8d8:   8b 04 08 0f b7 d8 48 8b 74 24 38 48 63 c3 48 8b
0x00007ffb8229e8e8:   5c 24 30 0f b7 44 c7 48 48 83 c4 20 5f c3 cc cc
0x00007ffb8229e8f8:   cc cc cc cc cc cc cc cc 4c 8b c9 45 84 c0 75 41
0x00007ffb8229e908:   48 8b 49 10 48 85 c9 74 38 85 d2 79 19 f7 d2 8b
0x00007ffb8229e918:   c2 48 ff c0 48 c1 e0 05 48 8b 04 08 0f b7 c8 41
0x00007ffb8229e928:   0f b7 44 c9 4a c3 48 63 c2 48 ff c0 48 c1 e0 05
0x00007ffb8229e938:   48 8b 04 08 0f b7 d0 48 63 c2 41 0f b7 44 c1 4a
0x00007ffb8229e948:   c3 49 8b 41 08 4c 63 c2 42 0f b6 44 00 04 8d 48
0x00007ffb8229e958:   ef 80 f9 01 76 0e 3c 6a 74 0a 48 63 c2 41 0f b7
0x00007ffb8229e968:   44 c1 4a c3 43 0f b7 44 c1 4a c3 cc cc cc cc cc
0x00007ffb8229e978:   cc cc cc cc cc cc cc cc 40 53 48 83 ec 20 48 8b
0x00007ffb8229e988:   d9 e8 72 ff ff ff 48 63 d0 0f b7 44 d3 48 48 8b
0x00007ffb8229e998:   44 c3 48 48 83 c4 20 5b c3 cc cc cc cc cc cc cc
0x00007ffb8229e9a8:   cc cc cc cc cc cc cc cc 40 53 48 83 ec 20 48 8b
0x00007ffb8229e9b8:   d9 e8 42 ff ff ff 48 63 d0 0f b7 44 d3 4a 48 8b
0x00007ffb8229e9c8:   44 c3 48 48 83 c4 20 5b c3 cc cc cc cc cc cc cc
0x00007ffb8229e9d8:   cc cc cc cc cc cc cc cc 4c 8b d1 45 84 c9 75 28
0x00007ffb8229e9e8:   4c 8b 49 10 4d 85 c9 74 1f 45 85 c0 79 08 41 f7
0x00007ffb8229e9f8:   d0 41 8b c0 eb 03 49 63 c0 48 ff c0 48 c1 e0 05
0x00007ffb8229ea08:   4a 8b 04 08 44 0f b7 c0 49 8b 42 08 49 63 c8 0f
0x00007ffb8229ea18:   b6 4c 08 04 48 8b c2 88 0a c3 cc cc cc cc cc cc
0x00007ffb8229ea28:   cc cc cc cc cc cc cc cc 40 56 57 41 54 41 56 41 


Stack slot to memory mapping:
stack at sp + 0 slots: 0x00007ffb8238fa93 jvm.dll
stack at sp + 1 slots: 0x00000087e65fec90 is pointing into the stack for thread: 0x000001ee6e1ac3f0
stack at sp + 2 slots: 0x00007ffb82199d9e jvm.dll
stack at sp + 3 slots: 0x00000087e65fec90 is pointing into the stack for thread: 0x000001ee6e1ac3f0
stack at sp + 4 slots: 0x00007ffb821920be jvm.dll
stack at sp + 5 slots: 0x000001ee00000000 is an unknown value
stack at sp + 6 slots: 0x0000000000000078 is an unknown value
stack at sp + 7 slots: 0x00000087e65feec0 is pointing into the stack for thread: 0x000001ee6e1ac3f0


---------------  P R O C E S S  ---------------

Threads class SMR info:
_java_thread_list=0x000001ee6e48d630, length=14, elements={
0x000001ee4c675bc0, 0x000001ee6d5ee670, 0x000001ee6de67120, 0x000001ee6de8a2a0,
0x000001ee6de8cc70, 0x000001ee6de8d630, 0x000001ee6de8e320, 0x000001ee6de8ecd0,
0x000001ee6deb1550, 0x000001ee6df4f550, 0x000001ee6e1ac3f0, 0x000001ee6e1ad0a0,
0x000001ee6e1ad590, 0x000001ee6e451720
}

Java Threads: ( => current thread )
  0x000001ee4c675bc0 JavaThread "main" [_thread_blocked, id=8660, stack(0x00000087e5500000,0x00000087e5600000)]
  0x000001ee6d5ee670 JavaThread "Reference Handler" daemon [_thread_blocked, id=3440, stack(0x00000087e5c00000,0x00000087e5d00000)]
  0x000001ee6de67120 JavaThread "Finalizer" daemon [_thread_blocked, id=1432, stack(0x00000087e5d00000,0x00000087e5e00000)]
  0x000001ee6de8a2a0 JavaThread "Signal Dispatcher" daemon [_thread_blocked, id=16372, stack(0x00000087e5e00000,0x00000087e5f00000)]
  0x000001ee6de8cc70 JavaThread "Attach Listener" daemon [_thread_blocked, id=16284, stack(0x00000087e5f00000,0x00000087e6000000)]
  0x000001ee6de8d630 JavaThread "Service Thread" daemon [_thread_blocked, id=2556, stack(0x00000087e6000000,0x00000087e6100000)]
  0x000001ee6de8e320 JavaThread "C2 CompilerThread0" daemon [_thread_blocked, id=12168, stack(0x00000087e6100000,0x00000087e6200000)]
  0x000001ee6de8ecd0 JavaThread "C1 CompilerThread0" daemon [_thread_blocked, id=2040, stack(0x00000087e6200000,0x00000087e6300000)]
  0x000001ee6deb1550 JavaThread "Sweeper thread" daemon [_thread_blocked, id=6128, stack(0x00000087e6300000,0x00000087e6400000)]
  0x000001ee6df4f550 JavaThread "Common-Cleaner" daemon [_thread_blocked, id=10696, stack(0x00000087e6400000,0x00000087e6500000)]
=>0x000001ee6e1ac3f0 JavaThread "JDWP Transport Listener: dt_socket" daemon [_thread_in_vm, id=14928, stack(0x00000087e6500000,0x00000087e6600000)]
  0x000001ee6e1ad0a0 JavaThread "JDWP Event Helper Thread" daemon [_thread_blocked, id=5996, stack(0x00000087e6600000,0x00000087e6700000)]
  0x000001ee6e1ad590 JavaThread "JDWP Command Reader" daemon [_thread_in_native, id=15504, stack(0x00000087e6700000,0x00000087e6800000)]
  0x000001ee6e451720 JavaThread "Notification Thread" daemon [_thread_blocked, id=9136, stack(0x00000087e6900000,0x00000087e6a00000)]

Other Threads:
  0x000001ee6d5ed240 VMThread "VM Thread" [stack: 0x00000087e5b00000,0x00000087e5c00000] [id=9872]
  0x000001ee6e4ae110 WatcherThread [stack: 0x00000087e6a00000,0x00000087e6b00000] [id=9052]
  0x000001ee4c6c6250 GCTaskThread "GC Thread#0" [stack: 0x00000087e5600000,0x00000087e5700000] [id=16012]
  0x000001ee4c6d7200 ConcurrentGCThread "G1 Main Marker" [stack: 0x00000087e5700000,0x00000087e5800000] [id=4748]
  0x000001ee4c6d84a0 ConcurrentGCThread "G1 Conc#0" [stack: 0x00000087e5800000,0x00000087e5900000] [id=13140]
  0x000001ee4c74e6c0 ConcurrentGCThread "G1 Refine#0" [stack: 0x00000087e5900000,0x00000087e5a00000] [id=9796]
  0x000001ee6d454390 ConcurrentGCThread "G1 Young RemSet Sampling" [stack: 0x00000087e5a00000,0x00000087e5b00000] [id=5756]

Threads with active compile tasks:

VM state: not at safepoint (normal execution)

VM Mutex/Monitor currently owned by a thread: None

Heap address: 0x0000000700a00000, size: 4086 MB, Compressed Oops mode: Zero based, Oop shift amount: 3
CDS disabled.
Compressed class space mapped at: 0x0000000800000000-0x0000000840000000, size: 1073741824
Narrow klass base: 0x0000000800000000, Narrow klass shift: 0, Narrow klass range: 0x40000000

GC Precious Log:
 CPUs: 8 total, 8 available
 Memory: 16341M
 Large Page Support: Disabled
 NUMA Support: Disabled
 Compressed Oops: Enabled (Zero based)
 Heap Region Size: 2M
 Heap Min Capacity: 8M
 Heap Initial Capacity: 256M
 Heap Max Capacity: 4086M
 Pre-touch: Disabled
 Parallel Workers: 8
 Concurrent Workers: 2
 Concurrent Refinement Workers: 8
 Periodic GC: Disabled

Heap:
 garbage-first heap   total 262144K, used 4096K [0x0000000700a00000, 0x0000000800000000)
  region size 2048K, 3 young (6144K), 0 survivors (0K)
 Metaspace       used 9459K, capacity 9598K, committed 9856K, reserved 1058816K
  class space    used 800K, capacity 853K, committed 896K, reserved 1048576K

Heap Regions: E=young(eden), S=young(survivor), O=old, HS=humongous(starts), HC=humongous(continues), CS=collection set, F=free, OA=open archive, CA=closed archive, TAMS=top-at-mark-start (previous, next)
|   0|0x0000000700a00000, 0x0000000700a00000, 0x0000000700c00000|  0%| F|  |TAMS 0x0000000700a00000, 0x0000000700a00000| Untracked 
|   1|0x0000000700c00000, 0x0000000700c00000, 0x0000000700e00000|  0%| F|  |TAMS 0x0000000700c00000, 0x0000000700c00000| Untracked 
|   2|0x0000000700e00000, 0x0000000700e00000, 0x0000000701000000|  0%| F|  |TAMS 0x0000000700e00000, 0x0000000700e00000| Untracked 
|   3|0x0000000701000000, 0x0000000701000000, 0x0000000701200000|  0%| F|  |TAMS 0x0000000701000000, 0x0000000701000000| Untracked 
|   4|0x0000000701200000, 0x0000000701200000, 0x0000000701400000|  0%| F|  |TAMS 0x0000000701200000, 0x0000000701200000| Untracked 
|   5|0x0000000701400000, 0x0000000701400000, 0x0000000701600000|  0%| F|  |TAMS 0x0000000701400000, 0x0000000701400000| Untracked 
|   6|0x0000000701600000, 0x0000000701600000, 0x0000000701800000|  0%| F|  |TAMS 0x0000000701600000, 0x0000000701600000| Untracked 
|   7|0x0000000701800000, 0x0000000701800000, 0x0000000701a00000|  0%| F|  |TAMS 0x0000000701800000, 0x0000000701800000| Untracked 
|   8|0x0000000701a00000, 0x0000000701a00000, 0x0000000701c00000|  0%| F|  |TAMS 0x0000000701a00000, 0x0000000701a00000| Untracked 
|   9|0x0000000701c00000, 0x0000000701c00000, 0x0000000701e00000|  0%| F|  |TAMS 0x0000000701c00000, 0x0000000701c00000| Untracked 
|  10|0x0000000701e00000, 0x0000000701e00000, 0x0000000702000000|  0%| F|  |TAMS 0x0000000701e00000, 0x0000000701e00000| Untracked 
|  11|0x0000000702000000, 0x0000000702000000, 0x0000000702200000|  0%| F|  |TAMS 0x0000000702000000, 0x0000000702000000| Untracked 
|  12|0x0000000702200000, 0x0000000702200000, 0x0000000702400000|  0%| F|  |TAMS 0x0000000702200000, 0x0000000702200000| Untracked 
|  13|0x0000000702400000, 0x0000000702400000, 0x0000000702600000|  0%| F|  |TAMS 0x0000000702400000, 0x0000000702400000| Untracked 
|  14|0x0000000702600000, 0x0000000702600000, 0x0000000702800000|  0%| F|  |TAMS 0x0000000702600000, 0x0000000702600000| Untracked 
|  15|0x0000000702800000, 0x0000000702800000, 0x0000000702a00000|  0%| F|  |TAMS 0x0000000702800000, 0x0000000702800000| Untracked 
|  16|0x0000000702a00000, 0x0000000702a00000, 0x0000000702c00000|  0%| F|  |TAMS 0x0000000702a00000, 0x0000000702a00000| Untracked 
|  17|0x0000000702c00000, 0x0000000702c00000, 0x0000000702e00000|  0%| F|  |TAMS 0x0000000702c00000, 0x0000000702c00000| Untracked 
|  18|0x0000000702e00000, 0x0000000702e00000, 0x0000000703000000|  0%| F|  |TAMS 0x0000000702e00000, 0x0000000702e00000| Untracked 
|  19|0x0000000703000000, 0x0000000703000000, 0x0000000703200000|  0%| F|  |TAMS 0x0000000703000000, 0x0000000703000000| Untracked 
|  20|0x0000000703200000, 0x0000000703200000, 0x0000000703400000|  0%| F|  |TAMS 0x0000000703200000, 0x0000000703200000| Untracked 
|  21|0x0000000703400000, 0x0000000703400000, 0x0000000703600000|  0%| F|  |TAMS 0x0000000703400000, 0x0000000703400000| Untracked 
|  22|0x0000000703600000, 0x0000000703600000, 0x0000000703800000|  0%| F|  |TAMS 0x0000000703600000, 0x0000000703600000| Untracked 
|  23|0x0000000703800000, 0x0000000703800000, 0x0000000703a00000|  0%| F|  |TAMS 0x0000000703800000, 0x0000000703800000| Untracked 
|  24|0x0000000703a00000, 0x0000000703a00000, 0x0000000703c00000|  0%| F|  |TAMS 0x0000000703a00000, 0x0000000703a00000| Untracked 
|  25|0x0000000703c00000, 0x0000000703c00000, 0x0000000703e00000|  0%| F|  |TAMS 0x0000000703c00000, 0x0000000703c00000| Untracked 
|  26|0x0000000703e00000, 0x0000000703e00000, 0x0000000704000000|  0%| F|  |TAMS 0x0000000703e00000, 0x0000000703e00000| Untracked 
|  27|0x0000000704000000, 0x0000000704000000, 0x0000000704200000|  0%| F|  |TAMS 0x0000000704000000, 0x0000000704000000| Untracked 
|  28|0x0000000704200000, 0x0000000704200000, 0x0000000704400000|  0%| F|  |TAMS 0x0000000704200000, 0x0000000704200000| Untracked 
|  29|0x0000000704400000, 0x0000000704400000, 0x0000000704600000|  0%| F|  |TAMS 0x0000000704400000, 0x0000000704400000| Untracked 
|  30|0x0000000704600000, 0x0000000704600000, 0x0000000704800000|  0%| F|  |TAMS 0x0000000704600000, 0x0000000704600000| Untracked 
|  31|0x0000000704800000, 0x0000000704800000, 0x0000000704a00000|  0%| F|  |TAMS 0x0000000704800000, 0x0000000704800000| Untracked 
|  32|0x0000000704a00000, 0x0000000704a00000, 0x0000000704c00000|  0%| F|  |TAMS 0x0000000704a00000, 0x0000000704a00000| Untracked 
|  33|0x0000000704c00000, 0x0000000704c00000, 0x0000000704e00000|  0%| F|  |TAMS 0x0000000704c00000, 0x0000000704c00000| Untracked 
|  34|0x0000000704e00000, 0x0000000704e00000, 0x0000000705000000|  0%| F|  |TAMS 0x0000000704e00000, 0x0000000704e00000| Untracked 
|  35|0x0000000705000000, 0x0000000705000000, 0x0000000705200000|  0%| F|  |TAMS 0x0000000705000000, 0x0000000705000000| Untracked 
|  36|0x0000000705200000, 0x0000000705200000, 0x0000000705400000|  0%| F|  |TAMS 0x0000000705200000, 0x0000000705200000| Untracked 
|  37|0x0000000705400000, 0x0000000705400000, 0x0000000705600000|  0%| F|  |TAMS 0x0000000705400000, 0x0000000705400000| Untracked 
|  38|0x0000000705600000, 0x0000000705600000, 0x0000000705800000|  0%| F|  |TAMS 0x0000000705600000, 0x0000000705600000| Untracked 
|  39|0x0000000705800000, 0x0000000705800000, 0x0000000705a00000|  0%| F|  |TAMS 0x0000000705800000, 0x0000000705800000| Untracked 
|  40|0x0000000705a00000, 0x0000000705a00000, 0x0000000705c00000|  0%| F|  |TAMS 0x0000000705a00000, 0x0000000705a00000| Untracked 
|  41|0x0000000705c00000, 0x0000000705c00000, 0x0000000705e00000|  0%| F|  |TAMS 0x0000000705c00000, 0x0000000705c00000| Untracked 
|  42|0x0000000705e00000, 0x0000000705e00000, 0x0000000706000000|  0%| F|  |TAMS 0x0000000705e00000, 0x0000000705e00000| Untracked 
|  43|0x0000000706000000, 0x0000000706000000, 0x0000000706200000|  0%| F|  |TAMS 0x0000000706000000, 0x0000000706000000| Untracked 
|  44|0x0000000706200000, 0x0000000706200000, 0x0000000706400000|  0%| F|  |TAMS 0x0000000706200000, 0x0000000706200000| Untracked 
|  45|0x0000000706400000, 0x0000000706400000, 0x0000000706600000|  0%| F|  |TAMS 0x0000000706400000, 0x0000000706400000| Untracked 
|  46|0x0000000706600000, 0x0000000706600000, 0x0000000706800000|  0%| F|  |TAMS 0x0000000706600000, 0x0000000706600000| Untracked 
|  47|0x0000000706800000, 0x0000000706800000, 0x0000000706a00000|  0%| F|  |TAMS 0x0000000706800000, 0x0000000706800000| Untracked 
|  48|0x0000000706a00000, 0x0000000706a00000, 0x0000000706c00000|  0%| F|  |TAMS 0x0000000706a00000, 0x0000000706a00000| Untracked 
|  49|0x0000000706c00000, 0x0000000706c00000, 0x0000000706e00000|  0%| F|  |TAMS 0x0000000706c00000, 0x0000000706c00000| Untracked 
|  50|0x0000000706e00000, 0x0000000706e00000, 0x0000000707000000|  0%| F|  |TAMS 0x0000000706e00000, 0x0000000706e00000| Untracked 
|  51|0x0000000707000000, 0x0000000707000000, 0x0000000707200000|  0%| F|  |TAMS 0x0000000707000000, 0x0000000707000000| Untracked 
|  52|0x0000000707200000, 0x0000000707200000, 0x0000000707400000|  0%| F|  |TAMS 0x0000000707200000, 0x0000000707200000| Untracked 
|  53|0x0000000707400000, 0x0000000707400000, 0x0000000707600000|  0%| F|  |TAMS 0x0000000707400000, 0x0000000707400000| Untracked 
|  54|0x0000000707600000, 0x0000000707600000, 0x0000000707800000|  0%| F|  |TAMS 0x0000000707600000, 0x0000000707600000| Untracked 
|  55|0x0000000707800000, 0x0000000707800000, 0x0000000707a00000|  0%| F|  |TAMS 0x0000000707800000, 0x0000000707800000| Untracked 
|  56|0x0000000707a00000, 0x0000000707a00000, 0x0000000707c00000|  0%| F|  |TAMS 0x0000000707a00000, 0x0000000707a00000| Untracked 
|  57|0x0000000707c00000, 0x0000000707c00000, 0x0000000707e00000|  0%| F|  |TAMS 0x0000000707c00000, 0x0000000707c00000| Untracked 
|  58|0x0000000707e00000, 0x0000000707e00000, 0x0000000708000000|  0%| F|  |TAMS 0x0000000707e00000, 0x0000000707e00000| Untracked 
|  59|0x0000000708000000, 0x0000000708000000, 0x0000000708200000|  0%| F|  |TAMS 0x0000000708000000, 0x0000000708000000| Untracked 
|  60|0x0000000708200000, 0x0000000708200000, 0x0000000708400000|  0%| F|  |TAMS 0x0000000708200000, 0x0000000708200000| Untracked 
|  61|0x0000000708400000, 0x0000000708400000, 0x0000000708600000|  0%| F|  |TAMS 0x0000000708400000, 0x0000000708400000| Untracked 
|  62|0x0000000708600000, 0x0000000708600000, 0x0000000708800000|  0%| F|  |TAMS 0x0000000708600000, 0x0000000708600000| Untracked 
|  63|0x0000000708800000, 0x0000000708800000, 0x0000000708a00000|  0%| F|  |TAMS 0x0000000708800000, 0x0000000708800000| Untracked 
|  64|0x0000000708a00000, 0x0000000708a00000, 0x0000000708c00000|  0%| F|  |TAMS 0x0000000708a00000, 0x0000000708a00000| Untracked 
|  65|0x0000000708c00000, 0x0000000708c00000, 0x0000000708e00000|  0%| F|  |TAMS 0x0000000708c00000, 0x0000000708c00000| Untracked 
|  66|0x0000000708e00000, 0x0000000708e00000, 0x0000000709000000|  0%| F|  |TAMS 0x0000000708e00000, 0x0000000708e00000| Untracked 
|  67|0x0000000709000000, 0x0000000709000000, 0x0000000709200000|  0%| F|  |TAMS 0x0000000709000000, 0x0000000709000000| Untracked 
|  68|0x0000000709200000, 0x0000000709200000, 0x0000000709400000|  0%| F|  |TAMS 0x0000000709200000, 0x0000000709200000| Untracked 
|  69|0x0000000709400000, 0x0000000709400000, 0x0000000709600000|  0%| F|  |TAMS 0x0000000709400000, 0x0000000709400000| Untracked 
|  70|0x0000000709600000, 0x0000000709600000, 0x0000000709800000|  0%| F|  |TAMS 0x0000000709600000, 0x0000000709600000| Untracked 
|  71|0x0000000709800000, 0x0000000709800000, 0x0000000709a00000|  0%| F|  |TAMS 0x0000000709800000, 0x0000000709800000| Untracked 
|  72|0x0000000709a00000, 0x0000000709a00000, 0x0000000709c00000|  0%| F|  |TAMS 0x0000000709a00000, 0x0000000709a00000| Untracked 
|  73|0x0000000709c00000, 0x0000000709c00000, 0x0000000709e00000|  0%| F|  |TAMS 0x0000000709c00000, 0x0000000709c00000| Untracked 
|  74|0x0000000709e00000, 0x0000000709e00000, 0x000000070a000000|  0%| F|  |TAMS 0x0000000709e00000, 0x0000000709e00000| Untracked 
|  75|0x000000070a000000, 0x000000070a000000, 0x000000070a200000|  0%| F|  |TAMS 0x000000070a000000, 0x000000070a000000| Untracked 
|  76|0x000000070a200000, 0x000000070a200000, 0x000000070a400000|  0%| F|  |TAMS 0x000000070a200000, 0x000000070a200000| Untracked 
|  77|0x000000070a400000, 0x000000070a400000, 0x000000070a600000|  0%| F|  |TAMS 0x000000070a400000, 0x000000070a400000| Untracked 
|  78|0x000000070a600000, 0x000000070a600000, 0x000000070a800000|  0%| F|  |TAMS 0x000000070a600000, 0x000000070a600000| Untracked 
|  79|0x000000070a800000, 0x000000070a800000, 0x000000070aa00000|  0%| F|  |TAMS 0x000000070a800000, 0x000000070a800000| Untracked 
|  80|0x000000070aa00000, 0x000000070aa00000, 0x000000070ac00000|  0%| F|  |TAMS 0x000000070aa00000, 0x000000070aa00000| Untracked 
|  81|0x000000070ac00000, 0x000000070ac00000, 0x000000070ae00000|  0%| F|  |TAMS 0x000000070ac00000, 0x000000070ac00000| Untracked 
|  82|0x000000070ae00000, 0x000000070ae00000, 0x000000070b000000|  0%| F|  |TAMS 0x000000070ae00000, 0x000000070ae00000| Untracked 
|  83|0x000000070b000000, 0x000000070b000000, 0x000000070b200000|  0%| F|  |TAMS 0x000000070b000000, 0x000000070b000000| Untracked 
|  84|0x000000070b200000, 0x000000070b200000, 0x000000070b400000|  0%| F|  |TAMS 0x000000070b200000, 0x000000070b200000| Untracked 
|  85|0x000000070b400000, 0x000000070b400000, 0x000000070b600000|  0%| F|  |TAMS 0x000000070b400000, 0x000000070b400000| Untracked 
|  86|0x000000070b600000, 0x000000070b600000, 0x000000070b800000|  0%| F|  |TAMS 0x000000070b600000, 0x000000070b600000| Untracked 
|  87|0x000000070b800000, 0x000000070b800000, 0x000000070ba00000|  0%| F|  |TAMS 0x000000070b800000, 0x000000070b800000| Untracked 
|  88|0x000000070ba00000, 0x000000070ba00000, 0x000000070bc00000|  0%| F|  |TAMS 0x000000070ba00000, 0x000000070ba00000| Untracked 
|  89|0x000000070bc00000, 0x000000070bc00000, 0x000000070be00000|  0%| F|  |TAMS 0x000000070bc00000, 0x000000070bc00000| Untracked 
|  90|0x000000070be00000, 0x000000070be00000, 0x000000070c000000|  0%| F|  |TAMS 0x000000070be00000, 0x000000070be00000| Untracked 
|  91|0x000000070c000000, 0x000000070c000000, 0x000000070c200000|  0%| F|  |TAMS 0x000000070c000000, 0x000000070c000000| Untracked 
|  92|0x000000070c200000, 0x000000070c200000, 0x000000070c400000|  0%| F|  |TAMS 0x000000070c200000, 0x000000070c200000| Untracked 
|  93|0x000000070c400000, 0x000000070c400000, 0x000000070c600000|  0%| F|  |TAMS 0x000000070c400000, 0x000000070c400000| Untracked 
|  94|0x000000070c600000, 0x000000070c600000, 0x000000070c800000|  0%| F|  |TAMS 0x000000070c600000, 0x000000070c600000| Untracked 
|  95|0x000000070c800000, 0x000000070c800000, 0x000000070ca00000|  0%| F|  |TAMS 0x000000070c800000, 0x000000070c800000| Untracked 
|  96|0x000000070ca00000, 0x000000070ca00000, 0x000000070cc00000|  0%| F|  |TAMS 0x000000070ca00000, 0x000000070ca00000| Untracked 
|  97|0x000000070cc00000, 0x000000070cc00000, 0x000000070ce00000|  0%| F|  |TAMS 0x000000070cc00000, 0x000000070cc00000| Untracked 
|  98|0x000000070ce00000, 0x000000070ce00000, 0x000000070d000000|  0%| F|  |TAMS 0x000000070ce00000, 0x000000070ce00000| Untracked 
|  99|0x000000070d000000, 0x000000070d000000, 0x000000070d200000|  0%| F|  |TAMS 0x000000070d000000, 0x000000070d000000| Untracked 
| 100|0x000000070d200000, 0x000000070d200000, 0x000000070d400000|  0%| F|  |TAMS 0x000000070d200000, 0x000000070d200000| Untracked 
| 101|0x000000070d400000, 0x000000070d400000, 0x000000070d600000|  0%| F|  |TAMS 0x000000070d400000, 0x000000070d400000| Untracked 
| 102|0x000000070d600000, 0x000000070d600000, 0x000000070d800000|  0%| F|  |TAMS 0x000000070d600000, 0x000000070d600000| Untracked 
| 103|0x000000070d800000, 0x000000070d800000, 0x000000070da00000|  0%| F|  |TAMS 0x000000070d800000, 0x000000070d800000| Untracked 
| 104|0x000000070da00000, 0x000000070da00000, 0x000000070dc00000|  0%| F|  |TAMS 0x000000070da00000, 0x000000070da00000| Untracked 
| 105|0x000000070dc00000, 0x000000070dc00000, 0x000000070de00000|  0%| F|  |TAMS 0x000000070dc00000, 0x000000070dc00000| Untracked 
| 106|0x000000070de00000, 0x000000070de00000, 0x000000070e000000|  0%| F|  |TAMS 0x000000070de00000, 0x000000070de00000| Untracked 
| 107|0x000000070e000000, 0x000000070e000000, 0x000000070e200000|  0%| F|  |TAMS 0x000000070e000000, 0x000000070e000000| Untracked 
| 108|0x000000070e200000, 0x000000070e200000, 0x000000070e400000|  0%| F|  |TAMS 0x000000070e200000, 0x000000070e200000| Untracked 
| 109|0x000000070e400000, 0x000000070e400000, 0x000000070e600000|  0%| F|  |TAMS 0x000000070e400000, 0x000000070e400000| Untracked 
| 110|0x000000070e600000, 0x000000070e600000, 0x000000070e800000|  0%| F|  |TAMS 0x000000070e600000, 0x000000070e600000| Untracked 
| 111|0x000000070e800000, 0x000000070e800000, 0x000000070ea00000|  0%| F|  |TAMS 0x000000070e800000, 0x000000070e800000| Untracked 
| 112|0x000000070ea00000, 0x000000070ea00000, 0x000000070ec00000|  0%| F|  |TAMS 0x000000070ea00000, 0x000000070ea00000| Untracked 
| 113|0x000000070ec00000, 0x000000070ec00000, 0x000000070ee00000|  0%| F|  |TAMS 0x000000070ec00000, 0x000000070ec00000| Untracked 
| 114|0x000000070ee00000, 0x000000070ee00000, 0x000000070f000000|  0%| F|  |TAMS 0x000000070ee00000, 0x000000070ee00000| Untracked 
| 115|0x000000070f000000, 0x000000070f000000, 0x000000070f200000|  0%| F|  |TAMS 0x000000070f000000, 0x000000070f000000| Untracked 
| 116|0x000000070f200000, 0x000000070f200000, 0x000000070f400000|  0%| F|  |TAMS 0x000000070f200000, 0x000000070f200000| Untracked 
| 117|0x000000070f400000, 0x000000070f400000, 0x000000070f600000|  0%| F|  |TAMS 0x000000070f400000, 0x000000070f400000| Untracked 
| 118|0x000000070f600000, 0x000000070f600000, 0x000000070f800000|  0%| F|  |TAMS 0x000000070f600000, 0x000000070f600000| Untracked 
| 119|0x000000070f800000, 0x000000070f800000, 0x000000070fa00000|  0%| F|  |TAMS 0x000000070f800000, 0x000000070f800000| Untracked 
| 120|0x000000070fa00000, 0x000000070fa00000, 0x000000070fc00000|  0%| F|  |TAMS 0x000000070fa00000, 0x000000070fa00000| Untracked 
| 121|0x000000070fc00000, 0x000000070fc00000, 0x000000070fe00000|  0%| F|  |TAMS 0x000000070fc00000, 0x000000070fc00000| Untracked 
| 122|0x000000070fe00000, 0x000000070fe00000, 0x0000000710000000|  0%| F|  |TAMS 0x000000070fe00000, 0x000000070fe00000| Untracked 
| 123|0x0000000710000000, 0x0000000710000000, 0x0000000710200000|  0%| F|  |TAMS 0x0000000710000000, 0x0000000710000000| Untracked 
| 124|0x0000000710200000, 0x0000000710200000, 0x0000000710400000|  0%| F|  |TAMS 0x0000000710200000, 0x0000000710200000| Untracked 
| 125|0x0000000710400000, 0x0000000710552e98, 0x0000000710600000| 66%| E|  |TAMS 0x0000000710400000, 0x0000000710400000| Complete 
| 126|0x0000000710600000, 0x0000000710800000, 0x0000000710800000|100%| E|CS|TAMS 0x0000000710600000, 0x0000000710600000| Complete 
| 127|0x0000000710800000, 0x0000000710a00000, 0x0000000710a00000|100%| E|CS|TAMS 0x0000000710800000, 0x0000000710800000| Complete 

Card table byte_map: [0x000001ee61b20000,0x000001ee62320000] _byte_map_base: 0x000001ee5e31b000

Marking Bits (Prev, Next): (CMBitMap*) 0x000001ee4c6c6950, (CMBitMap*) 0x000001ee4c6c6990
 Prev Bits: [0x000001ee62b20000, 0x000001ee66af8000)
 Next Bits: [0x000001ee66b00000, 0x000001ee6aad8000)

Polling page: 0x000001ee4c750000

Metaspace:

Usage:
  Non-class:      8.54 MB capacity,     8.46 MB (>99%) used,    80.23 KB ( <1%) free+waste,     5.62 KB ( <1%) overhead. 
      Class:    853.00 KB capacity,   800.48 KB ( 94%) used,    50.77 KB (  6%) free+waste,     1.75 KB ( <1%) overhead. 
       Both:      9.37 MB capacity,     9.24 MB ( 99%) used,   130.99 KB (  1%) free+waste,     7.38 KB ( <1%) overhead. 

Virtual space:
  Non-class space:       10.00 MB reserved,       8.75 MB ( 88%) committed 
      Class space:        1.00 GB reserved,     896.00 KB ( <1%) committed 
             Both:        1.01 GB reserved,       9.62 MB ( <1%) committed 

Chunk freelists:
   Non-Class:  23.00 KB
       Class:  11.00 KB
        Both:  34.00 KB

MaxMetaspaceSize: 17179869184.00 GB
CompressedClassSpaceSize: 1.00 GB

CodeHeap 'non-profiled nmethods': size=120000Kb used=131Kb max_used=131Kb free=119868Kb
 bounds [0x000001ee59360000, 0x000001ee595d0000, 0x000001ee60890000]
CodeHeap 'profiled nmethods': size=120000Kb used=573Kb max_used=573Kb free=119426Kb
 bounds [0x000001ee51e30000, 0x000001ee520a0000, 0x000001ee59360000]
CodeHeap 'non-nmethods': size=5760Kb used=1226Kb max_used=1249Kb free=4533Kb
 bounds [0x000001ee51890000, 0x000001ee51b00000, 0x000001ee51e30000]
 total_blobs=822 nmethods=434 adapters=301
 compilation: enabled
              stopped_count=0, restarted_count=0
 full_count=0

Compilation events (20 events):
Event: 70.802 Thread 0x000001ee6de8ecd0  426       3       org.eclipse.jdt.launching.internal.org.objectweb.asm.SymbolTable::add (39 bytes)
Event: 70.803 Thread 0x000001ee6de8ecd0 nmethod 426 0x000001ee51ebca90 code [0x000001ee51ebcc40, 0x000001ee51ebcf98]
Event: 70.803 Thread 0x000001ee6de8ecd0  428       3       org.eclipse.jdt.launching.internal.org.objectweb.asm.ClassReader::getItem (7 bytes)
Event: 70.803 Thread 0x000001ee6de8ecd0 nmethod 428 0x000001ee51ebd110 code [0x000001ee51ebd2a0, 0x000001ee51ebd3d8]
Event: 70.803 Thread 0x000001ee6de8ecd0  427       3       org.eclipse.jdt.launching.internal.org.objectweb.asm.SymbolTable::hash (10 bytes)
Event: 70.803 Thread 0x000001ee6de8ecd0 nmethod 427 0x000001ee51ebd490 code [0x000001ee51ebd640, 0x000001ee51ebd768]
Event: 70.803 Thread 0x000001ee6de8ecd0  430       3       java.lang.String::<init> (14 bytes)
Event: 70.803 Thread 0x000001ee6de8ecd0 nmethod 430 0x000001ee51ebd890 code [0x000001ee51ebda40, 0x000001ee51ebdc38]
Event: 144.874 Thread 0x000001ee6de8e320  431       4       org.eclipse.jdt.launching.internal.org.objectweb.asm.ClassReader::readUnsignedShort (26 bytes)
Event: 144.874 Thread 0x000001ee6de8ecd0  432       3       org.eclipse.jdt.launching.internal.org.objectweb.asm.ClassReader::readUtf (161 bytes)
Event: 144.874 Thread 0x000001ee6de8ecd0 nmethod 432 0x000001ee51ebdd90 code [0x000001ee51ebdf60, 0x000001ee51ebe408]
Event: 144.875 Thread 0x000001ee6de8ecd0  433       3       org.eclipse.jdt.launching.internal.org.objectweb.asm.SymbolTable$Entry::<init> (17 bytes)
Event: 144.875 Thread 0x000001ee6de8ecd0 nmethod 433 0x000001ee51ebe710 code [0x000001ee51ebe8c0, 0x000001ee51ebea48]
Event: 144.875 Thread 0x000001ee6de8ecd0  434       3       org.eclipse.jdt.launching.internal.org.objectweb.asm.SymbolTable::addConstantUtf8 (20 bytes)
Event: 144.875 Thread 0x000001ee6de8ecd0 nmethod 434 0x000001ee51ebeb10 code [0x000001ee51ebece0, 0x000001ee51ebef88]
Event: 144.875 Thread 0x000001ee6de8e320 nmethod 431 0x000001ee59380c10 code [0x000001ee59380da0, 0x000001ee59380e98]
Event: 214.871 Thread 0x000001ee6de8e320  435       4       java.lang.StringUTF16::compress (50 bytes)
Event: 214.878 Thread 0x000001ee6de8e320 

Event: 259.321 Thread 0x000001ee6de8ecd0  436       3       org.eclipse.jdt.launching.internal.org.objectweb.asm.ByteVector::putShort (52 bytes)
Event: 259.321 Thread 0x000001ee6de8ecd0 nmethod 436 0x000001ee51ebf110 code [0x000001ee51ebf2c0, 0x000001ee51ebf4c8]

GC Heap History (0 events):
No events

Deoptimization events (20 events):
Event: 0.247 Thread 0x000001ee4c675bc0 Uncommon trap: trap_request=0xffffff45 fr.pc=0x000001ee5936d250 relative=0x0000000000000b70
Event: 0.247 Thread 0x000001ee4c675bc0 Uncommon trap: reason=unstable_if action=reinterpret pc=0x000001ee5936d250 method=java.util.HashMap.putVal(ILjava/lang/Object;Ljava/lang/Object;ZZ)Ljava/lang/Object; @ 181 c2
Event: 0.247 Thread 0x000001ee4c675bc0 DEOPT PACKING pc=0x000001ee5936d250 sp=0x00000087e55fe2f0
Event: 0.247 Thread 0x000001ee4c675bc0 DEOPT UNPACKING pc=0x000001ee518de42f sp=0x00000087e55fe2b0 mode 2
Event: 0.313 Thread 0x000001ee4c675bc0 Uncommon trap: trap_request=0xffffff45 fr.pc=0x000001ee5936df7c relative=0x00000000000000dc
Event: 0.313 Thread 0x000001ee4c675bc0 Uncommon trap: reason=unstable_if action=reinterpret pc=0x000001ee5936df7c method=java.lang.String.isLatin1()Z @ 10 c2
Event: 0.313 Thread 0x000001ee4c675bc0 DEOPT PACKING pc=0x000001ee5936df7c sp=0x00000087e55fefa0
Event: 0.313 Thread 0x000001ee4c675bc0 DEOPT UNPACKING pc=0x000001ee518de42f sp=0x00000087e55feef0 mode 2
Event: 0.335 Thread 0x000001ee4c675bc0 DEOPT PACKING pc=0x000001ee51ea22b8 sp=0x00000087e55fbbc0
Event: 0.335 Thread 0x000001ee4c675bc0 DEOPT UNPACKING pc=0x000001ee518de23f sp=0x00000087e55fb088 mode 0
Event: 0.335 Thread 0x000001ee4c675bc0 DEOPT PACKING pc=0x000001ee51ea22b8 sp=0x00000087e55fbbc0
Event: 0.335 Thread 0x000001ee4c675bc0 DEOPT UNPACKING pc=0x000001ee518de23f sp=0x00000087e55fb088 mode 0
Event: 0.335 Thread 0x000001ee4c675bc0 DEOPT PACKING pc=0x000001ee51ea22b8 sp=0x00000087e55fbbc0
Event: 0.335 Thread 0x000001ee4c675bc0 DEOPT UNPACKING pc=0x000001ee518de23f sp=0x00000087e55fb088 mode 0
Event: 0.342 Thread 0x000001ee4c675bc0 DEOPT PACKING pc=0x000001ee51ea22b8 sp=0x00000087e55f7cd0
Event: 0.342 Thread 0x000001ee4c675bc0 DEOPT UNPACKING pc=0x000001ee518de23f sp=0x00000087e55f7198 mode 0
Event: 0.342 Thread 0x000001ee4c675bc0 DEOPT PACKING pc=0x000001ee51ea22b8 sp=0x00000087e55f7cd0
Event: 0.342 Thread 0x000001ee4c675bc0 DEOPT UNPACKING pc=0x000001ee518de23f sp=0x00000087e55f7198 mode 0
Event: 0.342 Thread 0x000001ee4c675bc0 DEOPT PACKING pc=0x000001ee51ea22b8 sp=0x00000087e55f7cd0
Event: 0.342 Thread 0x000001ee4c675bc0 DEOPT UNPACKING pc=0x000001ee518de23f sp=0x00000087e55f7198 mode 0

Classes unloaded (0 events):
No events

Classes redefined (4 events):
Event: 70.801 Thread 0x000001ee6d5ed240 redefined class name=Gamedata, count=1
Event: 144.875 Thread 0x000001ee6d5ed240 redefined class name=Gamedata, count=2
Event: 214.872 Thread 0x000001ee6d5ed240 redefined class name=Gamedata, count=3
Event: 259.322 Thread 0x000001ee6d5ed240 redefined class name=Gamedata, count=4

Internal exceptions (3 events):
Event: 0.243 Thread 0x000001ee4c675bc0 Exception <a 'java/lang/NoSuchMethodError'{0x0000000710648270}: 'void java.lang.invoke.DirectMethodHandle$Holder.invokeStatic(java.lang.Object, java.lang.Object)'> (0x0000000710648270) 
thrown [./open/src/hotspot/share/interpreter/linkResolver.cpp, line 782]
Event: 0.244 Thread 0x000001ee4c675bc0 Exception <a 'java/lang/NoSuchMethodError'{0x000000071064bf18}: 'void java.lang.invoke.DirectMethodHandle$Holder.invokeStaticInit(java.lang.Object, java.lang.Object)'> (0x000000071064bf18) 
thrown [./open/src/hotspot/share/interpreter/linkResolver.cpp, line 782]
Event: 0.310 Thread 0x000001ee4c675bc0 Exception <a 'java/lang/NoSuchMethodError'{0x000000071042d818}: 'java.lang.Object java.lang.invoke.DirectMethodHandle$Holder.invokeStatic(java.lang.Object)'> (0x000000071042d818) 
thrown [./open/src/hotspot/share/interpreter/linkResolver.cpp, line 782]

Events (20 events):
Event: 259.331 Executing VM operation: ChangeBreakpoints
Event: 259.331 Executing VM operation: ChangeBreakpoints done
Event: 259.335 Executing VM operation: ChangeBreakpoints
Event: 259.335 Executing VM operation: ChangeBreakpoints done
Event: 259.336 Executing VM operation: GetFrameCount
Event: 259.336 Executing VM operation: GetFrameCount done
Event: 259.336 Executing VM operation: GetStackTrace
Event: 259.336 Executing VM operation: GetStackTrace done
Event: 259.337 Executing VM operation: GetFrameCount
Event: 259.337 Executing VM operation: GetFrameCount done
Event: 259.337 Executing VM operation: SetFramePop
Event: 259.337 Executing VM operation: SetFramePop done
Event: 259.337 Executing VM operation: GetFrameLocation
Event: 259.337 Executing VM operation: GetFrameLocation done
Event: 259.337 Executing VM operation: GetCurrentLocation
Event: 259.337 Executing VM operation: GetCurrentLocation done
Event: 259.337 Executing VM operation: ChangeSingleStep
Event: 259.337 Executing VM operation: ChangeSingleStep done
Event: 259.337 Executing VM operation: GetFrameLocation
Event: 259.337 Executing VM operation: GetFrameLocation done


Dynamic libraries:
0x00007ff6ca3e0000 - 0x00007ff6ca3ed000 	C:\Users\TTR92\.p2\pool\plugins\org.eclipse.justj.openjdk.hotspot.jre.full.win32.x86_64_15.0.2.v20210201-0955\jre\bin\javaw.exe
0x00007ffbf5290000 - 0x00007ffbf5485000 	C:\WINDOWS\SYSTEM32\ntdll.dll
0x00007ffbf38a0000 - 0x00007ffbf395d000 	C:\WINDOWS\System32\KERNEL32.DLL
0x00007ffbf2de0000 - 0x00007ffbf30a8000 	C:\WINDOWS\System32\KERNELBASE.dll
0x00007ffbf2ae0000 - 0x00007ffbf2be0000 	C:\WINDOWS\System32\ucrtbase.dll
0x00007ffbe5920000 - 0x00007ffbe5938000 	C:\Users\TTR92\.p2\pool\plugins\org.eclipse.justj.openjdk.hotspot.jre.full.win32.x86_64_15.0.2.v20210201-0955\jre\bin\jli.dll
0x00007ffbd7f90000 - 0x00007ffbd7fa9000 	C:\Users\TTR92\.p2\pool\plugins\org.eclipse.justj.openjdk.hotspot.jre.full.win32.x86_64_15.0.2.v20210201-0955\jre\bin\VCRUNTIME140.dll
0x00007ffbf3bf0000 - 0x00007ffbf3d90000 	C:\WINDOWS\System32\USER32.dll
0x00007ffbddad0000 - 0x00007ffbddd6a000 	C:\WINDOWS\WinSxS\amd64_microsoft.windows.common-controls_6595b64144ccf1df_6.0.19041.844_none_ca00b6081b84eb1d\COMCTL32.dll
0x00007ffbf32c0000 - 0x00007ffbf32e2000 	C:\WINDOWS\System32\win32u.dll
0x00007ffbf3b50000 - 0x00007ffbf3bee000 	C:\WINDOWS\System32\msvcrt.dll
0x00007ffbf3d90000 - 0x00007ffbf3dba000 	C:\WINDOWS\System32\GDI32.dll
0x00007ffbf29d0000 - 0x00007ffbf2adb000 	C:\WINDOWS\System32\gdi32full.dll
0x00007ffbf2be0000 - 0x00007ffbf2c7d000 	C:\WINDOWS\System32\msvcp_win.dll
0x00007ffbf4780000 - 0x00007ffbf47b0000 	C:\WINDOWS\System32\IMM32.DLL
0x00007ffbe70b0000 - 0x00007ffbe70bc000 	C:\Users\TTR92\.p2\pool\plugins\org.eclipse.justj.openjdk.hotspot.jre.full.win32.x86_64_15.0.2.v20210201-0955\jre\bin\vcruntime140_1.dll
0x00007ffbbebe0000 - 0x00007ffbbec71000 	C:\Users\TTR92\.p2\pool\plugins\org.eclipse.justj.openjdk.hotspot.jre.full.win32.x86_64_15.0.2.v20210201-0955\jre\bin\msvcp140.dll
0x00007ffb82090000 - 0x00007ffb82bee000 	C:\Users\TTR92\.p2\pool\plugins\org.eclipse.justj.openjdk.hotspot.jre.full.win32.x86_64_15.0.2.v20210201-0955\jre\bin\server\jvm.dll
0x00007ffbf3ff0000 - 0x00007ffbf409c000 	C:\WINDOWS\System32\ADVAPI32.dll
0x00007ffbf3f50000 - 0x00007ffbf3feb000 	C:\WINDOWS\System32\sechost.dll
0x00007ffbf4fe0000 - 0x00007ffbf510b000 	C:\WINDOWS\System32\RPCRT4.dll
0x00007ffbf37b0000 - 0x00007ffbf37b8000 	C:\WINDOWS\System32\PSAPI.DLL
0x00007ffbe55f0000 - 0x00007ffbe55f9000 	C:\WINDOWS\SYSTEM32\WSOCK32.dll
0x00007ffbe98d0000 - 0x00007ffbe98f7000 	C:\WINDOWS\SYSTEM32\WINMM.dll
0x00007ffbec2e0000 - 0x00007ffbec2ea000 	C:\WINDOWS\SYSTEM32\VERSION.dll
0x00007ffbf5110000 - 0x00007ffbf517b000 	C:\WINDOWS\System32\WS2_32.dll
0x00007ffbf12c0000 - 0x00007ffbf12d2000 	C:\WINDOWS\SYSTEM32\kernel.appcore.dll
0x00007ffbee050000 - 0x00007ffbee05a000 	C:\Users\TTR92\.p2\pool\plugins\org.eclipse.justj.openjdk.hotspot.jre.full.win32.x86_64_15.0.2.v20210201-0955\jre\bin\jimage.dll
0x00007ffbf0630000 - 0x00007ffbf0814000 	C:\WINDOWS\SYSTEM32\DBGHELP.DLL
0x00007ffbe5970000 - 0x00007ffbe599c000 	C:\WINDOWS\SYSTEM32\dbgcore.DLL
0x00007ffbf3240000 - 0x00007ffbf32c0000 	C:\WINDOWS\System32\bcryptPrimitives.dll
0x00007ffbd5320000 - 0x00007ffbd5359000 	C:\Users\TTR92\.p2\pool\plugins\org.eclipse.justj.openjdk.hotspot.jre.full.win32.x86_64_15.0.2.v20210201-0955\jre\bin\jdwp.dll
0x00007ffbe7090000 - 0x00007ffbe709e000 	C:\Users\TTR92\.p2\pool\plugins\org.eclipse.justj.openjdk.hotspot.jre.full.win32.x86_64_15.0.2.v20210201-0955\jre\bin\instrument.dll
0x00007ffbedf90000 - 0x00007ffbedfb5000 	C:\Users\TTR92\.p2\pool\plugins\org.eclipse.justj.openjdk.hotspot.jre.full.win32.x86_64_15.0.2.v20210201-0955\jre\bin\java.dll
0x00007ffbedf70000 - 0x00007ffbedf88000 	C:\Users\TTR92\.p2\pool\plugins\org.eclipse.justj.openjdk.hotspot.jre.full.win32.x86_64_15.0.2.v20210201-0955\jre\bin\zip.dll
0x00007ffbf4890000 - 0x00007ffbf4fd2000 	C:\WINDOWS\System32\SHELL32.dll
0x00007ffbf0b10000 - 0x00007ffbf12a1000 	C:\WINDOWS\SYSTEM32\windows.storage.dll
0x00007ffbf33a0000 - 0x00007ffbf36f5000 	C:\WINDOWS\System32\combase.dll
0x00007ffbf2370000 - 0x00007ffbf239c000 	C:\WINDOWS\SYSTEM32\Wldp.dll
0x00007ffbf32f0000 - 0x00007ffbf339e000 	C:\WINDOWS\System32\SHCORE.dll
0x00007ffbf4720000 - 0x00007ffbf4775000 	C:\WINDOWS\System32\shlwapi.dll
0x00007ffbf2910000 - 0x00007ffbf292f000 	C:\WINDOWS\SYSTEM32\profapi.dll
0x00007ffbe58f0000 - 0x00007ffbe58fb000 	C:\Users\TTR92\.p2\pool\plugins\org.eclipse.justj.openjdk.hotspot.jre.full.win32.x86_64_15.0.2.v20210201-0955\jre\bin\dt_socket.dll
0x00007ffbf1dd0000 - 0x00007ffbf1e0b000 	C:\WINDOWS\SYSTEM32\IPHLPAPI.DLL
0x00007ffbf20e0000 - 0x00007ffbf214a000 	C:\WINDOWS\system32\mswsock.dll
0x00007ffbf1e10000 - 0x00007ffbf1edc000 	C:\WINDOWS\SYSTEM32\DNSAPI.dll
0x00007ffbf3960000 - 0x00007ffbf3968000 	C:\WINDOWS\System32\NSI.dll
0x00007ffbea510000 - 0x00007ffbea51a000 	C:\Windows\System32\rasadhlp.dll
0x00007ffbea370000 - 0x00007ffbea3ef000 	C:\WINDOWS\System32\fwpuclnt.dll
0x00007ffbf3210000 - 0x00007ffbf3237000 	C:\WINDOWS\System32\bcrypt.dll
0x00007ffbed7c0000 - 0x00007ffbed7d9000 	C:\Users\TTR92\.p2\pool\plugins\org.eclipse.justj.openjdk.hotspot.jre.full.win32.x86_64_15.0.2.v20210201-0955\jre\bin\net.dll
0x00007ffbeacf0000 - 0x00007ffbeadfb000 	C:\WINDOWS\SYSTEM32\WINHTTP.dll
0x00007ffbed7a0000 - 0x00007ffbed7b2000 	C:\Users\TTR92\.p2\pool\plugins\org.eclipse.justj.openjdk.hotspot.jre.full.win32.x86_64_15.0.2.v20210201-0955\jre\bin\nio.dll
0x00007ffbee040000 - 0x00007ffbee050000 	C:\Users\TTR92\.p2\pool\plugins\org.eclipse.justj.openjdk.hotspot.jre.full.win32.x86_64_15.0.2.v20210201-0955\jre\bin\verify.dll

dbghelp: loaded successfully - version: 4.0.5 - missing functions: none
symbol engine: initialized successfully - sym options: 0x614 - pdb path: .;C:\Users\TTR92\.p2\pool\plugins\org.eclipse.justj.openjdk.hotspot.jre.full.win32.x86_64_15.0.2.v20210201-0955\jre\bin;C:\WINDOWS\SYSTEM32;C:\WINDOWS\WinSxS\amd64_microsoft.windows.common-controls_6595b64144ccf1df_6.0.19041.844_none_ca00b6081b84eb1d;C:\Users\TTR92\.p2\pool\plugins\org.eclipse.justj.openjdk.hotspot.jre.full.win32.x86_64_15.0.2.v20210201-0955\jre\bin\server

VM Arguments:
jvm_args: -XX:+ShowCodeDetailsInExceptionMessages -agentlib:jdwp=transport=dt_socket,suspend=y,address=localhost:59581 -javaagent:E:\Program Files (x86)\Eclipse\java-2020-12\eclipse\configuration\org.eclipse.osgi\220\0\.cp\lib\javaagent-shaded.jar -Dfile.encoding=Cp1252 
java_command: Main
java_class_path (initial): D:\Drive\Drive_TravailVanburen\Isep Travaux\Numérique___\JAVA\ProjetJava\eclipse-workspace\ProjetDomiNations\bin
Launcher Type: SUN_STANDARD

[Global flags]
     intx CICompilerCount                          = 4                                         {product} {ergonomic}
     uint ConcGCThreads                            = 2                                         {product} {ergonomic}
     uint G1ConcRefinementThreads                  = 8                                         {product} {ergonomic}
   size_t G1HeapRegionSize                         = 2097152                                   {product} {ergonomic}
    uintx GCDrainStackTargetSize                   = 64                                        {product} {ergonomic}
   size_t InitialHeapSize                          = 268435456                                 {product} {ergonomic}
   size_t MarkStackSize                            = 4194304                                   {product} {ergonomic}
   size_t MaxHeapSize                              = 4284481536                                {product} {ergonomic}
   size_t MaxNewSize                               = 2569011200                                {product} {ergonomic}
   size_t MinHeapDeltaBytes                        = 2097152                                   {product} {ergonomic}
   size_t MinHeapSize                              = 8388608                                   {product} {ergonomic}
    uintx NonNMethodCodeHeapSize                   = 5839372                                {pd product} {ergonomic}
    uintx NonProfiledCodeHeapSize                  = 122909434                              {pd product} {ergonomic}
    uintx ProfiledCodeHeapSize                     = 122909434                              {pd product} {ergonomic}
    uintx ReservedCodeCacheSize                    = 251658240                              {pd product} {ergonomic}
     bool SegmentedCodeCache                       = true                                      {product} {ergonomic}
     bool ShowCodeDetailsInExceptionMessages       = true                                   {manageable} {command line}
   size_t SoftMaxHeapSize                          = 4284481536                             {manageable} {ergonomic}
     bool UseCompressedClassPointers               = true                                 {lp64_product} {ergonomic}
     bool UseCompressedOops                        = true                                 {lp64_product} {ergonomic}
     bool UseG1GC                                  = true                                      {product} {ergonomic}
     bool UseLargePagesIndividualAllocation        = false                                  {pd product} {ergonomic}

Logging:
Log output configuration:
 #0: stdout all=warning uptime,level,tags
 #1: stderr all=off uptime,level,tags

Environment Variables:
PATH=C:\Users\TTR92\.p2\pool\plugins\org.eclipse.justj.openjdk.hotspot.jre.full.win32.x86_64_15.0.2.v20210201-0955\jre\bin;C:/Users/TTR92/.p2/pool/plugins/org.eclipse.justj.openjdk.hotspot.jre.full.win32.x86_64_15.0.2.v20210201-0955/jre/bin/server;C:/Users/TTR92/.p2/pool/plugins/org.eclipse.justj.openjdk.hotspot.jre.full.win32.x86_64_15.0.2.v20210201-0955/jre/bin;C:\Program Files (x86)\Common Files\Oracle\Java\javapath;c:\programdata\oracle\java\javapath;c:\program files (x86)\intel\icls client\;c:\program files\intel\icls client\;c:\windows\system32;c:\windows;c:\windows\system32\wbem;c:\windows\system32\windowspowershell\v1.0\;c:\program files (x86)\intel\intel(r) management engine components\dal;c:\program files\intel\intel(r) management engine components\dal;c:\program files (x86)\intel\intel(r) management engine components\ipt;c:\program files\intel\intel(r) management engine components\ipt;d:\mathlab\bin;c:\program files\common files\autodesk shared\;c:\windows\system32\openssh\;c:\program files\autodesk\3ds max 2013\plugins\bgs\libs;C:\Program Files (x86)\NVIDIA Corporation\PhysX\Common;C:\Program Files (x86)\Common Files\Autodesk Shared\;C:\Program Files\NVIDIA Corporation\NVIDIA NvDLISR;C:\WINDOWS\system32;C:\WINDOWS;C:\WINDOWS\System32\Wbem;C:\WINDOWS\System32\WindowsPowerShell\v1.0\;C:\Program Files (x86)\Autodesk\Backburner\;C:\Program Files\Microsoft SQL Server\130\Tools\Binn\;C:\Program Files\dotnet\;C:\Users\TTR92\AppData\Local\Microsoft\WindowsApps;C:\Users\TTR92\AppData\Local\GitHubDesktop\bin;C:\Users\TTR92\.dotnet\tools;C:\Users\TTR92\AppData\Local\Microsoft\WindowsApps;;C:\WINDOWS\system32;
USERNAME=TTR92
OS=Windows_NT
PROCESSOR_IDENTIFIER=Intel64 Family 6 Model 158 Stepping 9, GenuineIntel



---------------  S Y S T E M  ---------------

OS:
 Windows 10 , 64 bit Build 19041 (10.0.19041.928)
OS uptime: 0 days 5:26 hours

CPU: total 8 (initial active 8) (4 cores per cpu, 2 threads per core) family 6 model 158 stepping 9 microcode 0xde, cmov, cx8, fxsr, mmx, sse, sse2, sse3, ssse3, sse4.1, sse4.2, popcnt, vzeroupper, avx, avx2, aes, clmul, erms, rtm, 3dnowpref, lzcnt, ht, tsc, tscinvbit, bmi1, bmi2, adx, fma, clflush, clflushopt

Memory: 4k page, system-wide physical 16341M (10777M free)
TotalPageFile size 18773M (AvailPageFile size 6692M)
current process WorkingSet (physical memory assigned to process): 46M, peak: 48M
current process commit charge ("private bytes"): 344M, peak: 346M

vm_info: OpenJDK 64-Bit Server VM (15.0.2+7-27) for windows-amd64 JRE (15.0.2+7-27), built on Dec  7 2020 20:02:38 by "mach5one" with unknown MS VC++:1925

END.
